This is pdfTeX, Version 3.14159265-2.6-1.40.21 (MiKTeX 20.6.29) (preloaded format=pdflatex 2020.10.18)  13 JUL 2021 12:48
entering extended mode
**./FR_CAE.tex
(FR_CAE.tex
LaTeX2e <2020-02-02> patch level 5
L3 programming layer <2020-06-18> (preamble_slides.tex
(C:\Users\afabre\AppData\Roaming\MiKTeX\tex/latex/beamer\beamer.cls
Document Class: beamer 2020/07/22 v3.59 A class for typesetting presentations
(C:\Users\afabre\AppData\Roaming\MiKTeX\tex/latex/beamer\beamerbasemodes.sty
("C:\Program Files\MiKTeX\tex/latex/etoolbox\etoolbox.sty"
Package: etoolbox 2019/09/21 v2.5h e-TeX tools for LaTeX (JAW)
\etb@tempcnta=\count167
)
\beamer@tempbox=\box45
\beamer@tempcount=\count168
\c@beamerpauses=\count169

(C:\Users\afabre\AppData\Roaming\MiKTeX\tex/latex/beamer\beamerbasedecode.sty
\beamer@slideinframe=\count170
\beamer@minimum=\count171
\beamer@decode@box=\box46
)
\beamer@commentbox=\box47
\beamer@modecount=\count172
) ("C:\Program Files\MiKTeX\tex/generic/iftex\ifpdf.sty"
Package: ifpdf 2019/10/25 v3.4 ifpdf legacy package. Use iftex instead.

("C:\Program Files\MiKTeX\tex/generic/iftex\iftex.sty"
Package: iftex 2020/03/06 v1.0d TeX engine tests
))
\headdp=\dimen134
\footheight=\dimen135
\sidebarheight=\dimen136
\beamer@tempdim=\dimen137
\beamer@finalheight=\dimen138
\beamer@animht=\dimen139
\beamer@animdp=\dimen140
\beamer@animwd=\dimen141
\beamer@leftmargin=\dimen142
\beamer@rightmargin=\dimen143
\beamer@leftsidebar=\dimen144
\beamer@rightsidebar=\dimen145
\beamer@boxsize=\dimen146
\beamer@vboxoffset=\dimen147
\beamer@descdefault=\dimen148
\beamer@descriptionwidth=\dimen149
\beamer@lastskip=\skip47
\beamer@areabox=\box48
\beamer@animcurrent=\box49
\beamer@animshowbox=\box50
\beamer@sectionbox=\box51
\beamer@logobox=\box52
\beamer@linebox=\box53
\beamer@sectioncount=\count173
\beamer@subsubsectionmax=\count174
\beamer@subsectionmax=\count175
\beamer@sectionmax=\count176
\beamer@totalheads=\count177
\beamer@headcounter=\count178
\beamer@partstartpage=\count179
\beamer@sectionstartpage=\count180
\beamer@subsectionstartpage=\count181
\beamer@animationtempa=\count182
\beamer@animationtempb=\count183
\beamer@xpos=\count184
\beamer@ypos=\count185
\beamer@ypos@offset=\count186
\beamer@showpartnumber=\count187
\beamer@currentsubsection=\count188
\beamer@coveringdepth=\count189
\beamer@sectionadjust=\count190
\beamer@tocsectionnumber=\count191

(C:\Users\afabre\AppData\Roaming\MiKTeX\tex/latex/beamer\beamerbaseoptions.sty
("C:\Program Files\MiKTeX\tex/latex/graphics\keyval.sty"
Package: keyval 2014/10/28 v1.15 key=value parser (DPC)
\KV@toks@=\toks15
))
\beamer@paperwidth=\skip48
\beamer@paperheight=\skip49

(C:\Users\afabre\AppData\Roaming\MiKTeX\tex/latex/geometry\geometry.sty
Package: geometry 2020/01/02 v5.9 Page Geometry

("C:\Program Files\MiKTeX\tex/generic/iftex\ifvtex.sty"
Package: ifvtex 2019/10/25 v1.7 ifvtex legacy package. Use iftex instead.
)
\Gm@cnth=\count192
\Gm@cntv=\count193
\c@Gm@tempcnt=\count194
\Gm@bindingoffset=\dimen150
\Gm@wd@mp=\dimen151
\Gm@odd@mp=\dimen152
\Gm@even@mp=\dimen153
\Gm@layoutwidth=\dimen154
\Gm@layoutheight=\dimen155
\Gm@layouthoffset=\dimen156
\Gm@layoutvoffset=\dimen157
\Gm@dimlist=\toks16

(C:\Users\afabre\AppData\Roaming\MiKTeX\tex/latex/geometry\geometry.cfg))
("C:\Program Files\MiKTeX\tex/latex/base\size11.clo"
File: size11.clo 2019/12/20 v1.4l Standard LaTeX file (size option)
)
("C:\Program Files\MiKTeX\tex/latex/pgf/basiclayer\pgfcore.sty"
("C:\Program Files\MiKTeX\tex/latex/graphics\graphicx.sty"
Package: graphicx 2019/11/30 v1.2a Enhanced LaTeX Graphics (DPC,SPQR)

("C:\Program Files\MiKTeX\tex/latex/graphics\graphics.sty"
Package: graphics 2019/11/30 v1.4a Standard LaTeX Graphics (DPC,SPQR)

("C:\Program Files\MiKTeX\tex/latex/graphics\trig.sty"
Package: trig 2016/01/03 v1.10 sin cos tan (DPC)
)
("C:\Program Files\MiKTeX\tex/latex/graphics-cfg\graphics.cfg"
File: graphics.cfg 2016/06/04 v1.11 sample graphics configuration
)
Package graphics Info: Driver file: pdftex.def on input line 105.

("C:\Program Files\MiKTeX\tex/latex/graphics-def\pdftex.def"
File: pdftex.def 2018/01/08 v1.0l Graphics/color driver for pdftex
))
\Gin@req@height=\dimen158
\Gin@req@width=\dimen159
)
("C:\Program Files\MiKTeX\tex/latex/pgf/systemlayer\pgfsys.sty"
("C:\Program Files\MiKTeX\tex/latex/pgf/utilities\pgfrcs.sty"
("C:\Program Files\MiKTeX\tex/generic/pgf/utilities\pgfutil-common.tex"
\pgfutil@everybye=\toks17
\pgfutil@tempdima=\dimen160
\pgfutil@tempdimb=\dimen161

("C:\Program Files\MiKTeX\tex/generic/pgf/utilities\pgfutil-common-lists.tex"))
("C:\Program Files\MiKTeX\tex/generic/pgf/utilities\pgfutil-latex.def"
\pgfutil@abb=\box54

("C:\Program Files\MiKTeX\tex/latex/ms\everyshi.sty"
Package: everyshi 2001/05/15 v3.00 EveryShipout Package (MS)
))
("C:\Program Files\MiKTeX\tex/generic/pgf/utilities\pgfrcs.code.tex"
("C:\Program Files\MiKTeX\tex/generic/pgf\pgf.revision.tex")
Package: pgfrcs 2020/01/08 v3.1.5b (3.1.5b)
))
("C:\Program Files\MiKTeX\tex/generic/pgf/systemlayer\pgfsys.code.tex"
Package: pgfsys 2020/01/08 v3.1.5b (3.1.5b)

("C:\Program Files\MiKTeX\tex/generic/pgf/utilities\pgfkeys.code.tex"
\pgfkeys@pathtoks=\toks18
\pgfkeys@temptoks=\toks19

("C:\Program Files\MiKTeX\tex/generic/pgf/utilities\pgfkeysfiltered.code.tex"
\pgfkeys@tmptoks=\toks20
))
\pgf@x=\dimen162
\pgf@y=\dimen163
\pgf@xa=\dimen164
\pgf@ya=\dimen165
\pgf@xb=\dimen166
\pgf@yb=\dimen167
\pgf@xc=\dimen168
\pgf@yc=\dimen169
\pgf@xd=\dimen170
\pgf@yd=\dimen171
\w@pgf@writea=\write3
\r@pgf@reada=\read2
\c@pgf@counta=\count195
\c@pgf@countb=\count196
\c@pgf@countc=\count197
\c@pgf@countd=\count198
\t@pgf@toka=\toks21
\t@pgf@tokb=\toks22
\t@pgf@tokc=\toks23
\pgf@sys@id@count=\count199
("C:\Program Files\MiKTeX\tex/generic/pgf/systemlayer\pgf.cfg"
File: pgf.cfg 2020/01/08 v3.1.5b (3.1.5b)
)
Driver file for pgf: pgfsys-pdftex.def

("C:\Program Files\MiKTeX\tex/generic/pgf/systemlayer\pgfsys-pdftex.def"
File: pgfsys-pdftex.def 2020/01/08 v3.1.5b (3.1.5b)

("C:\Program Files\MiKTeX\tex/generic/pgf/systemlayer\pgfsys-common-pdf.def"
File: pgfsys-common-pdf.def 2020/01/08 v3.1.5b (3.1.5b)
))) ("C:\Program Files\MiKTeX\tex/generic/pgf/systemlayer\pgfsyssoftpath.code.t
ex"
File: pgfsyssoftpath.code.tex 2020/01/08 v3.1.5b (3.1.5b)
\pgfsyssoftpath@smallbuffer@items=\count266
\pgfsyssoftpath@bigbuffer@items=\count267
) ("C:\Program Files\MiKTeX\tex/generic/pgf/systemlayer\pgfsysprotocol.code.tex
"
File: pgfsysprotocol.code.tex 2020/01/08 v3.1.5b (3.1.5b)
)) ("C:\Program Files\MiKTeX\tex/latex/xcolor\xcolor.sty"
Package: xcolor 2016/05/11 v2.12 LaTeX color extensions (UK)

("C:\Program Files\MiKTeX\tex/latex/graphics-cfg\color.cfg"
File: color.cfg 2016/01/02 v1.6 sample color configuration
)
Package xcolor Info: Driver file: pdftex.def on input line 225.
Package xcolor Info: Model `cmy' substituted by `cmy0' on input line 1348.
Package xcolor Info: Model `hsb' substituted by `rgb' on input line 1352.
Package xcolor Info: Model `RGB' extended on input line 1364.
Package xcolor Info: Model `HTML' substituted by `rgb' on input line 1366.
Package xcolor Info: Model `Hsb' substituted by `hsb' on input line 1367.
Package xcolor Info: Model `tHsb' substituted by `hsb' on input line 1368.
Package xcolor Info: Model `HSB' substituted by `hsb' on input line 1369.
Package xcolor Info: Model `Gray' substituted by `gray' on input line 1370.
Package xcolor Info: Model `wave' substituted by `hsb' on input line 1371.

("C:\Program Files\MiKTeX\tex/latex/graphics\dvipsnam.def"
File: dvipsnam.def 2016/06/17 v3.0m Driver-dependent file (DPC,SPQR)
))
("C:\Program Files\MiKTeX\tex/generic/pgf/basiclayer\pgfcore.code.tex"
Package: pgfcore 2020/01/08 v3.1.5b (3.1.5b)

("C:\Program Files\MiKTeX\tex/generic/pgf/math\pgfmath.code.tex"
("C:\Program Files\MiKTeX\tex/generic/pgf/math\pgfmathcalc.code.tex"
("C:\Program Files\MiKTeX\tex/generic/pgf/math\pgfmathutil.code.tex")
("C:\Program Files\MiKTeX\tex/generic/pgf/math\pgfmathparser.code.tex"
\pgfmath@dimen=\dimen172
\pgfmath@count=\count268
\pgfmath@box=\box55
\pgfmath@toks=\toks24
\pgfmath@stack@operand=\toks25
\pgfmath@stack@operation=\toks26
)
("C:\Program Files\MiKTeX\tex/generic/pgf/math\pgfmathfunctions.code.tex"
("C:\Program Files\MiKTeX\tex/generic/pgf/math\pgfmathfunctions.basic.code.tex"
)
("C:\Program Files\MiKTeX\tex/generic/pgf/math\pgfmathfunctions.trigonometric.c
ode.tex")
("C:\Program Files\MiKTeX\tex/generic/pgf/math\pgfmathfunctions.random.code.tex
")
("C:\Program Files\MiKTeX\tex/generic/pgf/math\pgfmathfunctions.comparison.code
.tex")
("C:\Program Files\MiKTeX\tex/generic/pgf/math\pgfmathfunctions.base.code.tex")
("C:\Program Files\MiKTeX\tex/generic/pgf/math\pgfmathfunctions.round.code.tex"
) ("C:\Program Files\MiKTeX\tex/generic/pgf/math\pgfmathfunctions.misc.code.tex
")
("C:\Program Files\MiKTeX\tex/generic/pgf/math\pgfmathfunctions.integerarithmet
ics.code.tex")))
("C:\Program Files\MiKTeX\tex/generic/pgf/math\pgfmathfloat.code.tex"
\c@pgfmathroundto@lastzeros=\count269
))
("C:\Program Files\MiKTeX\tex/generic/pgf/math\pgfint.code.tex")
("C:\Program Files\MiKTeX\tex/generic/pgf/basiclayer\pgfcorepoints.code.tex"
File: pgfcorepoints.code.tex 2020/01/08 v3.1.5b (3.1.5b)
\pgf@picminx=\dimen173
\pgf@picmaxx=\dimen174
\pgf@picminy=\dimen175
\pgf@picmaxy=\dimen176
\pgf@pathminx=\dimen177
\pgf@pathmaxx=\dimen178
\pgf@pathminy=\dimen179
\pgf@pathmaxy=\dimen180
\pgf@xx=\dimen181
\pgf@xy=\dimen182
\pgf@yx=\dimen183
\pgf@yy=\dimen184
\pgf@zx=\dimen185
\pgf@zy=\dimen186
)
("C:\Program Files\MiKTeX\tex/generic/pgf/basiclayer\pgfcorepathconstruct.code.
tex"
File: pgfcorepathconstruct.code.tex 2020/01/08 v3.1.5b (3.1.5b)
\pgf@path@lastx=\dimen187
\pgf@path@lasty=\dimen188
)
("C:\Program Files\MiKTeX\tex/generic/pgf/basiclayer\pgfcorepathusage.code.tex"
File: pgfcorepathusage.code.tex 2020/01/08 v3.1.5b (3.1.5b)
\pgf@shorten@end@additional=\dimen189
\pgf@shorten@start@additional=\dimen190
) ("C:\Program Files\MiKTeX\tex/generic/pgf/basiclayer\pgfcorescopes.code.tex"
File: pgfcorescopes.code.tex 2020/01/08 v3.1.5b (3.1.5b)
\pgfpic=\box56
\pgf@hbox=\box57
\pgf@layerbox@main=\box58
\pgf@picture@serial@count=\count270
)
("C:\Program Files\MiKTeX\tex/generic/pgf/basiclayer\pgfcoregraphicstate.code.t
ex"
File: pgfcoregraphicstate.code.tex 2020/01/08 v3.1.5b (3.1.5b)
\pgflinewidth=\dimen191
)
("C:\Program Files\MiKTeX\tex/generic/pgf/basiclayer\pgfcoretransformations.cod
e.tex"
File: pgfcoretransformations.code.tex 2020/01/08 v3.1.5b (3.1.5b)
\pgf@pt@x=\dimen192
\pgf@pt@y=\dimen193
\pgf@pt@temp=\dimen194
)
("C:\Program Files\MiKTeX\tex/generic/pgf/basiclayer\pgfcorequick.code.tex"
File: pgfcorequick.code.tex 2020/01/08 v3.1.5b (3.1.5b)
)
("C:\Program Files\MiKTeX\tex/generic/pgf/basiclayer\pgfcoreobjects.code.tex"
File: pgfcoreobjects.code.tex 2020/01/08 v3.1.5b (3.1.5b)
)
("C:\Program Files\MiKTeX\tex/generic/pgf/basiclayer\pgfcorepathprocessing.code
.tex"
File: pgfcorepathprocessing.code.tex 2020/01/08 v3.1.5b (3.1.5b)
)
("C:\Program Files\MiKTeX\tex/generic/pgf/basiclayer\pgfcorearrows.code.tex"
File: pgfcorearrows.code.tex 2020/01/08 v3.1.5b (3.1.5b)
\pgfarrowsep=\dimen195
)
("C:\Program Files\MiKTeX\tex/generic/pgf/basiclayer\pgfcoreshade.code.tex"
File: pgfcoreshade.code.tex 2020/01/08 v3.1.5b (3.1.5b)
\pgf@max=\dimen196
\pgf@sys@shading@range@num=\count271
\pgf@shadingcount=\count272
)
("C:\Program Files\MiKTeX\tex/generic/pgf/basiclayer\pgfcoreimage.code.tex"
File: pgfcoreimage.code.tex 2020/01/08 v3.1.5b (3.1.5b)

("C:\Program Files\MiKTeX\tex/generic/pgf/basiclayer\pgfcoreexternal.code.tex"
File: pgfcoreexternal.code.tex 2020/01/08 v3.1.5b (3.1.5b)
\pgfexternal@startupbox=\box59
)) ("C:\Program Files\MiKTeX\tex/generic/pgf/basiclayer\pgfcorelayers.code.tex"
File: pgfcorelayers.code.tex 2020/01/08 v3.1.5b (3.1.5b)
)
("C:\Program Files\MiKTeX\tex/generic/pgf/basiclayer\pgfcoretransparency.code.t
ex"
File: pgfcoretransparency.code.tex 2020/01/08 v3.1.5b (3.1.5b)
)
("C:\Program Files\MiKTeX\tex/generic/pgf/basiclayer\pgfcorepatterns.code.tex"
File: pgfcorepatterns.code.tex 2020/01/08 v3.1.5b (3.1.5b)
) ("C:\Program Files\MiKTeX\tex/generic/pgf/basiclayer\pgfcorerdf.code.tex"
File: pgfcorerdf.code.tex 2020/01/08 v3.1.5b (3.1.5b)
)))
("C:\Program Files\MiKTeX\tex/latex/pgf/utilities\xxcolor.sty"
Package: xxcolor 2003/10/24 ver 0.1
\XC@nummixins=\count273
\XC@countmixins=\count274
)
(C:\Users\afabre\AppData\Roaming\MiKTeX\tex/generic/atbegshi\atbegshi.sty
Package: atbegshi 2019/12/05 v1.19 At begin shipout hook (HO)

(C:\Users\afabre\AppData\Roaming\MiKTeX\tex/generic/infwarerr\infwarerr.sty
Package: infwarerr 2019/12/03 v1.5 Providing info/warning/error messages (HO)
)
(C:\Users\afabre\AppData\Roaming\MiKTeX\tex/generic/ltxcmds\ltxcmds.sty
Package: ltxcmds 2019/12/15 v1.24 LaTeX kernel commands for general use (HO)
))
("C:\Program Files\MiKTeX\tex/latex/hyperref\hyperref.sty"
Package: hyperref 2020-05-15 v7.00e Hypertext links for LaTeX

("C:\Program Files\MiKTeX\tex/generic/pdftexcmds\pdftexcmds.sty"
Package: pdftexcmds 2020-06-27 v0.33 Utility functions of pdfTeX for LuaTeX (HO
)
Package pdftexcmds Info: \pdf@primitive is available.
Package pdftexcmds Info: \pdf@ifprimitive is available.
Package pdftexcmds Info: \pdfdraftmode found.
)
(C:\Users\afabre\AppData\Roaming\MiKTeX\tex/generic/kvsetkeys\kvsetkeys.sty
Package: kvsetkeys 2019/12/15 v1.18 Key value parser (HO)
)
(C:\Users\afabre\AppData\Roaming\MiKTeX\tex/generic/kvdefinekeys\kvdefinekeys.s
ty
Package: kvdefinekeys 2019-12-19 v1.6 Define keys (HO)
) (C:\Users\afabre\AppData\Roaming\MiKTeX\tex/generic/pdfescape\pdfescape.sty
Package: pdfescape 2019/12/09 v1.15 Implements pdfTeX's escape features (HO)
) (C:\Users\afabre\AppData\Roaming\MiKTeX\tex/latex/hycolor\hycolor.sty
Package: hycolor 2020-01-27 v1.10 Color options for hyperref/bookmark (HO)
)
(C:\Users\afabre\AppData\Roaming\MiKTeX\tex/latex/letltxmacro\letltxmacro.sty
Package: letltxmacro 2019/12/03 v1.6 Let assignment for LaTeX macros (HO)
)
(C:\Users\afabre\AppData\Roaming\MiKTeX\tex/latex/auxhook\auxhook.sty
Package: auxhook 2019-12-17 v1.6 Hooks for auxiliary files (HO)
)
(C:\Users\afabre\AppData\Roaming\MiKTeX\tex/latex/kvoptions\kvoptions.sty
Package: kvoptions 2019/11/29 v3.13 Key value format for package options (HO)
)
\@linkdim=\dimen197
\Hy@linkcounter=\count275
\Hy@pagecounter=\count276

("C:\Program Files\MiKTeX\tex/latex/hyperref\pd1enc.def"
File: pd1enc.def 2020-05-15 v7.00e Hyperref: PDFDocEncoding definition (HO)
Now handling font encoding PD1 ...
... no UTF-8 mapping file for font encoding PD1
)
(C:\Users\afabre\AppData\Roaming\MiKTeX\tex/generic/intcalc\intcalc.sty
Package: intcalc 2019/12/15 v1.3 Expandable calculations with integers (HO)
)
(C:\Users\afabre\AppData\Roaming\MiKTeX\tex/generic/etexcmds\etexcmds.sty
Package: etexcmds 2019/12/15 v1.7 Avoid name clashes with e-TeX commands (HO)
)
\Hy@SavedSpaceFactor=\count277
Package hyperref Info: Option `bookmarks' set `true' on input line 4338.
Package hyperref Info: Option `bookmarksopen' set `true' on input line 4338.
Package hyperref Info: Option `implicit' set `false' on input line 4338.
Package hyperref Info: Hyper figures OFF on input line 4464.
Package hyperref Info: Link nesting OFF on input line 4469.
Package hyperref Info: Hyper index ON on input line 4472.
Package hyperref Info: Plain pages OFF on input line 4479.
Package hyperref Info: Backreferencing OFF on input line 4484.
Package hyperref Info: Implicit mode OFF; no redefinition of LaTeX internals.
Package hyperref Info: Bookmarks ON on input line 4717.
\c@Hy@tempcnt=\count278

("C:\Program Files\MiKTeX\tex/latex/url\url.sty"
\Urlmuskip=\muskip16
Package: url 2013/09/16  ver 3.4  Verb mode for urls, etc.
)
LaTeX Info: Redefining \url on input line 5076.
\XeTeXLinkMargin=\dimen198

(C:\Users\afabre\AppData\Roaming\MiKTeX\tex/generic/bitset\bitset.sty
Package: bitset 2019/12/09 v1.3 Handle bit-vector datatype (HO)

(C:\Users\afabre\AppData\Roaming\MiKTeX\tex/generic/bigintcalc\bigintcalc.sty
Package: bigintcalc 2019/12/15 v1.5 Expandable calculations on big integers (HO
)
))
\Fld@menulength=\count279
\Field@Width=\dimen199
\Fld@charsize=\dimen256
Package hyperref Info: Hyper figures OFF on input line 6347.
Package hyperref Info: Link nesting OFF on input line 6352.
Package hyperref Info: Hyper index ON on input line 6355.
Package hyperref Info: backreferencing OFF on input line 6362.
Package hyperref Info: Link coloring OFF on input line 6367.
Package hyperref Info: Link coloring with OCG OFF on input line 6372.
Package hyperref Info: PDF/A mode OFF on input line 6377.
LaTeX Info: Redefining \ref on input line 6417.
LaTeX Info: Redefining \pageref on input line 6421.
\Hy@abspage=\count280

Package hyperref Message: Stopped early.

)
Package hyperref Info: Driver (autodetected): hpdftex.
 ("C:\Program Files\MiKTeX\tex/latex/hyperref\hpdftex.def"
File: hpdftex.def 2020-05-15 v7.00e Hyperref driver for pdfTeX

(C:\Users\afabre\AppData\Roaming\MiKTeX\tex/latex/atveryend\atveryend.sty
Package: atveryend 2019-12-11 v1.11 Hooks at the very end of document (HO)
)
\Fld@listcount=\count281
\c@bookmark@seq@number=\count282

(C:\Users\afabre\AppData\Roaming\MiKTeX\tex/latex/rerunfilecheck\rerunfilecheck
.sty
Package: rerunfilecheck 2019/12/05 v1.9 Rerun checks for auxiliary files (HO)

(C:\Users\afabre\AppData\Roaming\MiKTeX\tex/generic/uniquecounter\uniquecounter
.sty
Package: uniquecounter 2019/12/15 v1.4 Provide unlimited unique counter (HO)
)
Package uniquecounter Info: New unique counter `rerunfilecheck' on input line 2
86.
))
(C:\Users\afabre\AppData\Roaming\MiKTeX\tex/latex/beamer\beamerbaserequires.sty

(C:\Users\afabre\AppData\Roaming\MiKTeX\tex/latex/beamer\beamerbasecompatibilit
y.sty)
(C:\Users\afabre\AppData\Roaming\MiKTeX\tex/latex/beamer\beamerbasefont.sty
("C:\Program Files\MiKTeX\tex/latex/amsfonts\amssymb.sty"
Package: amssymb 2013/01/14 v3.01 AMS font symbols

("C:\Program Files\MiKTeX\tex/latex/amsfonts\amsfonts.sty"
Package: amsfonts 2013/01/14 v3.01 Basic AMSFonts support
\@emptytoks=\toks27
\symAMSa=\mathgroup4
\symAMSb=\mathgroup5
LaTeX Font Info:    Redeclaring math symbol \hbar on input line 98.
LaTeX Font Info:    Overwriting math alphabet `\mathfrak' in version `bold'
(Font)                  U/euf/m/n --> U/euf/b/n on input line 106.
))
(C:\Users\afabre\AppData\Roaming\MiKTeX\tex/latex/sansmathaccent\sansmathaccent
.sty
Package: sansmathaccent 2020/01/31
 (C:\Users\afabre\AppData\Roaming\MiKTeX\tex/latex/koma-script\scrlfile.sty
Package: scrlfile 2020/07/22 v3.31 KOMA-Script package (loading files)
)))
(C:\Users\afabre\AppData\Roaming\MiKTeX\tex/latex/beamer\beamerbasetranslator.s
ty (C:\Users\afabre\AppData\Roaming\MiKTeX\tex/latex/translator\translator.sty
Package: translator 2020-08-03 v1.12c Easy translation of strings in LaTeX
)) (C:\Users\afabre\AppData\Roaming\MiKTeX\tex/latex/beamer\beamerbasemisc.sty)

(C:\Users\afabre\AppData\Roaming\MiKTeX\tex/latex/beamer\beamerbasetwoscreens.s
ty)
(C:\Users\afabre\AppData\Roaming\MiKTeX\tex/latex/beamer\beamerbaseoverlay.sty
\beamer@argscount=\count283
\beamer@lastskipcover=\skip50
\beamer@trivlistdepth=\count284
) (C:\Users\afabre\AppData\Roaming\MiKTeX\tex/latex/beamer\beamerbasetitle.sty)

(C:\Users\afabre\AppData\Roaming\MiKTeX\tex/latex/beamer\beamerbasesection.sty
\c@lecture=\count285
\c@part=\count286
\c@section=\count287
\c@subsection=\count288
\c@subsubsection=\count289
) (C:\Users\afabre\AppData\Roaming\MiKTeX\tex/latex/beamer\beamerbaseframe.sty
\beamer@framebox=\box60
\beamer@frametitlebox=\box61
\beamer@zoombox=\box62
\beamer@zoomcount=\count290
\beamer@zoomframecount=\count291
\beamer@frametextheight=\dimen257
\c@subsectionslide=\count292
\beamer@frametopskip=\skip51
\beamer@framebottomskip=\skip52
\beamer@frametopskipautobreak=\skip53
\beamer@framebottomskipautobreak=\skip54
\beamer@envbody=\toks28
\framewidth=\dimen258
\c@framenumber=\count293
)
(C:\Users\afabre\AppData\Roaming\MiKTeX\tex/latex/beamer\beamerbaseverbatim.sty
\beamer@verbatimfileout=\write4
)
(C:\Users\afabre\AppData\Roaming\MiKTeX\tex/latex/beamer\beamerbaseframesize.st
y
\beamer@splitbox=\box63
\beamer@autobreakcount=\count294
\beamer@autobreaklastheight=\dimen259
\beamer@frametitletoks=\toks29
\beamer@framesubtitletoks=\toks30
)
(C:\Users\afabre\AppData\Roaming\MiKTeX\tex/latex/beamer\beamerbaseframecompone
nts.sty
\beamer@footins=\box64
)
(C:\Users\afabre\AppData\Roaming\MiKTeX\tex/latex/beamer\beamerbasecolor.sty)
(C:\Users\afabre\AppData\Roaming\MiKTeX\tex/latex/beamer\beamerbasenotes.sty
\beamer@frameboxcopy=\box65
)
(C:\Users\afabre\AppData\Roaming\MiKTeX\tex/latex/beamer\beamerbasetoc.sty)
(C:\Users\afabre\AppData\Roaming\MiKTeX\tex/latex/beamer\beamerbasetemplates.st
y
\beamer@sbttoks=\toks31

(C:\Users\afabre\AppData\Roaming\MiKTeX\tex/latex/beamer\beamerbaseauxtemplates
.sty
(C:\Users\afabre\AppData\Roaming\MiKTeX\tex/latex/beamer\beamerbaseboxes.sty
\bmb@box=\box66
\bmb@colorbox=\box67
\bmb@boxshadow=\box68
\bmb@boxshadowball=\box69
\bmb@boxshadowballlarge=\box70
\bmb@temp=\dimen260
\bmb@dima=\dimen261
\bmb@dimb=\dimen262
\bmb@prevheight=\dimen263
)
\beamer@blockheadheight=\dimen264
))
(C:\Users\afabre\AppData\Roaming\MiKTeX\tex/latex/beamer\beamerbaselocalstructu
re.sty ("C:\Program Files\MiKTeX\tex/latex/tools\enumerate.sty"
Package: enumerate 2015/07/23 v3.00 enumerate extensions (DPC)
\@enLab=\toks32
)
\c@figure=\count295
\c@table=\count296
\abovecaptionskip=\skip55
\belowcaptionskip=\skip56
)
(C:\Users\afabre\AppData\Roaming\MiKTeX\tex/latex/beamer\beamerbasenavigation.s
ty
\beamer@section@min@dim=\dimen265
)
(C:\Users\afabre\AppData\Roaming\MiKTeX\tex/latex/beamer\beamerbasetheorems.sty
("C:\Program Files\MiKTeX\tex/latex/amsmath\amsmath.sty"
Package: amsmath 2020/01/20 v2.17e AMS math features
\@mathmargin=\skip57

For additional information on amsmath, use the `?' option.
("C:\Program Files\MiKTeX\tex/latex/amsmath\amstext.sty"
Package: amstext 2000/06/29 v2.01 AMS text

("C:\Program Files\MiKTeX\tex/latex/amsmath\amsgen.sty"
File: amsgen.sty 1999/11/30 v2.0 generic functions
\@emptytoks=\toks33
\ex@=\dimen266
))
("C:\Program Files\MiKTeX\tex/latex/amsmath\amsbsy.sty"
Package: amsbsy 1999/11/29 v1.2d Bold Symbols
\pmbraise@=\dimen267
)
("C:\Program Files\MiKTeX\tex/latex/amsmath\amsopn.sty"
Package: amsopn 2016/03/08 v2.02 operator names
)
\inf@bad=\count297
LaTeX Info: Redefining \frac on input line 227.
\uproot@=\count298
\leftroot@=\count299
LaTeX Info: Redefining \overline on input line 389.
\classnum@=\count300
\DOTSCASE@=\count301
LaTeX Info: Redefining \ldots on input line 486.
LaTeX Info: Redefining \dots on input line 489.
LaTeX Info: Redefining \cdots on input line 610.
\Mathstrutbox@=\box71
\strutbox@=\box72
\big@size=\dimen268
LaTeX Font Info:    Redeclaring font encoding OML on input line 733.
LaTeX Font Info:    Redeclaring font encoding OMS on input line 734.
\macc@depth=\count302
\c@MaxMatrixCols=\count303
\dotsspace@=\muskip17
\c@parentequation=\count304
\dspbrk@lvl=\count305
\tag@help=\toks34
\row@=\count306
\column@=\count307
\maxfields@=\count308
\andhelp@=\toks35
\eqnshift@=\dimen269
\alignsep@=\dimen270
\tagshift@=\dimen271
\tagwidth@=\dimen272
\totwidth@=\dimen273
\lineht@=\dimen274
\@envbody=\toks36
\multlinegap=\skip58
\multlinetaggap=\skip59
\mathdisplay@stack=\toks37
LaTeX Info: Redefining \[ on input line 2859.
LaTeX Info: Redefining \] on input line 2860.
)
(C:\Users\afabre\AppData\Roaming\MiKTeX\tex/latex/amscls\amsthm.sty
Package: amsthm 2020/05/29 v2.20.6
\thm@style=\toks38
\thm@bodyfont=\toks39
\thm@headfont=\toks40
\thm@notefont=\toks41
\thm@headpunct=\toks42
\thm@preskip=\skip60
\thm@postskip=\skip61
\thm@headsep=\skip62
\dth@everypar=\toks43
)
\c@theorem=\count309
)
(C:\Users\afabre\AppData\Roaming\MiKTeX\tex/latex/beamer\beamerbasethemes.sty))

(C:\Users\afabre\AppData\Roaming\MiKTeX\tex/latex/beamer\beamerthemedefault.sty

(C:\Users\afabre\AppData\Roaming\MiKTeX\tex/latex/beamer\beamerfontthemedefault
.sty)
(C:\Users\afabre\AppData\Roaming\MiKTeX\tex/latex/beamer\beamercolorthemedefaul
t.sty)
(C:\Users\afabre\AppData\Roaming\MiKTeX\tex/latex/beamer\beamerinnerthemedefaul
t.sty
\beamer@dima=\dimen275
\beamer@dimb=\dimen276
)
(C:\Users\afabre\AppData\Roaming\MiKTeX\tex/latex/beamer\beamerouterthemedefaul
t.sty)))
(C:\Users\afabre\AppData\Roaming\MiKTeX\tex/latex/beamer\beamerthemeBoadilla.st
y
(C:\Users\afabre\AppData\Roaming\MiKTeX\tex/latex/beamer\beamercolorthemerose.s
ty)
(C:\Users\afabre\AppData\Roaming\MiKTeX\tex/latex/beamer\beamerinnerthemerounde
d.sty)
(C:\Users\afabre\AppData\Roaming\MiKTeX\tex/latex/beamer\beamercolorthemedolphi
n.sty)
(C:\Users\afabre\AppData\Roaming\MiKTeX\tex/latex/beamer\beamerouterthemeinfoli
nes.sty))
(C:\Users\afabre\AppData\Roaming\MiKTeX\tex/latex/beamer\beamercolorthemelily.s
ty)
Package hyperref Info: Option `colorlinks' set `false' on input line 41.
 (C:\Users\afabre\AppData\Roaming\MiKTeX\tex/latex/setspace\setspace.sty
Package: setspace 2011/12/19 v6.7a set line spacing
)
(C:\Users\afabre\AppData\Roaming\MiKTeX\tex/latex/changepage\changepage.sty
Package: changepage 2009/10/20 v1.0c check page and change page layout
\c@cp@cntr=\count310
\cp@tempcnt=\count311
)
(C:\Users\afabre\AppData\Roaming\MiKTeX\tex/latex/psnfss\mathpazo.sty
Package: mathpazo 2020/03/25 PSNFSS-v9.3 Palatino w/ Pazo Math (D.Puga, WaS) 
\symupright=\mathgroup6
)
(C:\Users\afabre\AppData\Roaming\MiKTeX\tex/latex/beamer\multimedia.sty
Package: multimedia 2012/05/02 ver 0.02
\mm@movie=\count312
)
("C:\Program Files\MiKTeX\tex/generic/babel\babel.sty"
Package: babel 2020/06/10 3.45 The Babel package

("C:\Program Files\MiKTeX\tex/generic/babel\babel.def"
File: babel.def 2020/06/10 3.45 Babel common definitions
\babel@savecnt=\count313
\U@D=\dimen277
\l@babelnohyphens=\language79

("C:\Program Files\MiKTeX\tex/generic/babel\txtbabel.def")
\bbl@readstream=\read3
)
LaTeX Info: Redefining \textlatin on input line 674.
\bbl@dirlevel=\count314

*************************************
* Local config file bblopts.cfg used
*
("C:\Program Files\MiKTeX\tex/latex/arabi\bblopts.cfg"
File: bblopts.cfg 2005/09/08 v0.1 add Arabic and Farsi to "declared" options of
 babel
)
("C:\Program Files\MiKTeX\tex/latex/babel-english\english.ldf"
Language: english 2017/06/06 v3.3r English support from the babel system
Package babel Info: \l@canadian = using hyphenrules for english
(babel)             (\language0) on input line 102.
Package babel Info: \l@australian = using hyphenrules for ukenglish
(babel)             (\language73) on input line 105.
Package babel Info: \l@newzealand = using hyphenrules for ukenglish
(babel)             (\language73) on input line 108.
))
(C:\Users\afabre\AppData\Roaming\MiKTeX\tex/latex/caption\caption.sty
Package: caption 2020/09/02 v3.5a Customizing captions (AR)

(C:\Users\afabre\AppData\Roaming\MiKTeX\tex/latex/caption\caption3.sty
Package: caption3 2020/08/30 v2.0 caption3 kernel (AR)
\captionmargin=\dimen278
\captionmargin@=\dimen279
\captionwidth=\dimen280
\caption@tempdima=\dimen281
\caption@indent=\dimen282
\caption@parindent=\dimen283
\caption@hangindent=\dimen284
Package caption Info: beamer document class detected.

(C:\Users\afabre\AppData\Roaming\MiKTeX\tex/latex/caption\caption-beamer.sto
File: caption-beamer.sto 2020/08/22 v2.0 Adaption of the caption package to the
 beamer document classes (AR)
))
\c@caption@flags=\count315
\c@continuedfloat=\count316
Package caption Info: changepage package is loaded.
\caption@adjustwidth@hsize=\dimen285
\caption@adjustwidth@linewidth=\dimen286
Package caption Info: hyperref package is loaded.
Package caption Info: Hyperref support is turned off
(caption)             because hyperref has stopped early.
) ("C:\Program Files\MiKTeX\tex/latex/subfloat\subfloat.sty"
Package: subfloat 2003/08/21 version 2.14

Package `subfloat', Version 2.14 of 2003/08/21.

Package subfloat Warning: Numbers of floats not counted:
(subfloat)                If you use one of the counters subfloatfiguremax or
(subfloat)                subfloattablemax you will get strange error messages
(subfloat)                containing \c@subfloatfiguremax or
(subfloat)                \c@subfloattablemax:
(subfloat)                Please switch on countmax or remove the code using
(subfloat)                the counter then..

) ("C:\Program Files\MiKTeX\tex/latex/datetime2\datetime2.sty"
Package: datetime2 2021/03/21 v1.5.7 (NLCT) date and time formats

("C:\Program Files\MiKTeX\tex/latex/tracklang\tracklang.sty"
Package: tracklang 2020/06/30 v1.5 (NLCT) Track Languages

("C:\Program Files\MiKTeX\tex/generic/tracklang\tracklang.tex"))
("C:\Program Files\MiKTeX\tex/latex/xkeyval\xkeyval.sty"
Package: xkeyval 2014/12/03 v2.7a package option processing (HA)

("C:\Program Files\MiKTeX\tex/generic/xkeyval\xkeyval.tex"
("C:\Program Files\MiKTeX\tex/generic/xkeyval\xkvutils.tex"
\XKV@toks=\toks44
\XKV@tempa@toks=\toks45
)
\XKV@depth=\count317
File: xkeyval.tex 2014/12/03 v2.7a key=value parser (HA)
))
("C:\Program Files\MiKTeX\tex/latex/datetime2-english\datetime2-english.ldf"
File: datetime2-english.ldf 2019/10/21 v1.05 (NLCT)

("C:\Program Files\MiKTeX\tex/latex/datetime2-english\datetime2-english-base.ld
f"
File: datetime2-english-base.ldf 2019/10/21 v1.05 (NLCT)
)) ("C:\Program Files\MiKTeX\tex/latex/datetime2-english\datetime2-en-US.ldf"
File: datetime2-en-US.ldf 2019/10/21 v1.05 (NLCT)
)) ("C:\Program Files\MiKTeX\tex/latex/tabulary\tabulary.sty"
Package: tabulary 2014/06/11 v0.10 tabulary package (DPC)

("C:\Program Files\MiKTeX\tex/latex/tools\array.sty"
Package: array 2019/08/31 v2.4l Tabular extension package (FMi)
\col@sep=\dimen287
\ar@mcellbox=\box73
\extrarowheight=\dimen288
\NC@list=\toks46
\extratabsurround=\skip63
\backup@length=\skip64
\ar@cellbox=\box74
)
\TY@count=\count318
\TY@linewidth=\dimen289
\tymin=\dimen290
\tymax=\dimen291
\TY@tablewidth=\dimen292
)
("C:\Program Files\MiKTeX\tex/latex/tools\tabularx.sty"
Package: tabularx 2020/01/15 v2.11c `tabularx' package (DPC)
\TX@col@width=\dimen293
\TX@old@table=\dimen294
\TX@old@col=\dimen295
\TX@target=\dimen296
\TX@delta=\dimen297
\TX@cols=\count319
\TX@ftn=\toks47
)
(C:\Users\afabre\AppData\Roaming\MiKTeX\tex/latex/booktabs\booktabs.sty
Package: booktabs 2020/01/12 v1.61803398 Publication quality tables
\heavyrulewidth=\dimen298
\lightrulewidth=\dimen299
\cmidrulewidth=\dimen300
\belowrulesep=\dimen301
\belowbottomsep=\dimen302
\aboverulesep=\dimen303
\abovetopsep=\dimen304
\cmidrulesep=\dimen305
\cmidrulekern=\dimen306
\defaultaddspace=\dimen307
\@cmidla=\count320
\@cmidlb=\count321
\@aboverulesep=\dimen308
\@belowrulesep=\dimen309
\@thisruleclass=\count322
\@lastruleclass=\count323
\@thisrulewidth=\dimen310
)
("C:\Program Files\MiKTeX\tex/latex/base\fontenc.sty"
Package: fontenc 2020/02/11 v2.0o Standard LaTeX package
LaTeX Font Info:    Trying to load font information for T1+ppl on input line 11
2.

(C:\Users\afabre\AppData\Roaming\MiKTeX\tex/latex/psnfss\t1ppl.fd
File: t1ppl.fd 2001/06/04 font definitions for T1/ppl.
))
("C:\Program Files\MiKTeX\tex/latex/base\inputenc.sty"
Package: inputenc 2018/08/11 v1.3c Input encoding file
\inpenc@prehook=\toks48
\inpenc@posthook=\toks49
)
(C:\Users\afabre\AppData\Roaming\MiKTeX\tex/latex/psnfss\times.sty
Package: times 2020/03/25 PSNFSS-v9.3 (SPQR) 
)
(C:\Users\afabre\AppData\Roaming\MiKTeX\tex/latex/appendixnumberbeamer\appendix
numberbeamer.sty) ("C:\Program Files\MiKTeX\tex/latex/textpos\textpos.sty"
Package: textpos 2020/09/26 v1.10

Package: textpos 2020/09/26 1.10, absolute positioning of text on the page
Package textpos Info: choosing support for LaTeX2e on input line 61.
\TP@textbox=\box75
\TP@holdbox=\box76
\TPHorizModule=\dimen311
\TPVertModule=\dimen312
\TP@margin=\dimen313
\TP@absmargin=\dimen314
Grid set 16 x 16 = 28.45274pt x 16.00467pt
\TPboxrulesize=\dimen315
\TP@ox=\dimen316
\TP@oy=\dimen317
\TP@tbargs=\toks50
TextBlockOrigin set to 0pt x 0pt
) (C:\Users\afabre\AppData\Roaming\MiKTeX\tex/latex/colortbl\colortbl.sty
Package: colortbl 2020/01/04 v1.0e Color table columns (DPC)
\everycr=\toks51
\minrowclearance=\skip65
)
(C:\Users\afabre\AppData\Roaming\MiKTeX\tex/latex/pdfpages\pdfpages.sty
Package: pdfpages 2020/01/28 v0.5q Insert pages of external PDF documents (AM)

("C:\Program Files\MiKTeX\tex/latex/base\ifthen.sty"
Package: ifthen 2014/09/29 v1.1c Standard LaTeX ifthen package (DPC)
)
("C:\Program Files\MiKTeX\tex/latex/tools\calc.sty"
Package: calc 2017/05/25 v4.3 Infix arithmetic (KKT,FJ)
\calc@Acount=\count324
\calc@Bcount=\count325
\calc@Adimen=\dimen318
\calc@Bdimen=\dimen319
\calc@Askip=\skip66
\calc@Bskip=\skip67
LaTeX Info: Redefining \setlength on input line 80.
LaTeX Info: Redefining \addtolength on input line 81.
\calc@Ccount=\count326
\calc@Cskip=\skip68
)
(C:\Users\afabre\AppData\Roaming\MiKTeX\tex/latex/eso-pic\eso-pic.sty
Package: eso-pic 2018/04/12 v2.0h eso-pic (RN)
)
\AM@pagewidth=\dimen320
\AM@pageheight=\dimen321

(C:\Users\afabre\AppData\Roaming\MiKTeX\tex/latex/pdfpages\pppdftex.def
File: pppdftex.def 2020/01/28 v0.5q Pdfpages driver for pdfTeX (AM)
)
\AM@pagebox=\box77
\AM@global@opts=\toks52
\AM@pagecnt=\count327
\AM@toc@title=\toks53
\c@AM@survey=\count328
\AM@templatesizebox=\box78
)
(C:\Users\afabre\AppData\Roaming\MiKTeX\tex/latex/caption\subcaption.sty
Package: subcaption 2020/08/23 v1.3g Sub-captions (AR)
\c@subfigure=\count329
\c@subtable=\count330
)
(C:\Users\afabre\AppData\Roaming\MiKTeX\tex/latex/adjustbox\adjustbox.sty
Package: adjustbox 2020/08/19 v1.3 Adjusting TeX boxes (trim, clip, ...)

(C:\Users\afabre\AppData\Roaming\MiKTeX\tex/latex/adjustbox\adjcalc.sty
Package: adjcalc 2012/05/16 v1.1 Provides advanced setlength with multiple back
-ends (calc, etex, pgfmath)
)
(C:\Users\afabre\AppData\Roaming\MiKTeX\tex/latex/adjustbox\trimclip.sty
Package: trimclip 2020/08/19 v1.2 Trim and clip general TeX material

(C:\Users\afabre\AppData\Roaming\MiKTeX\tex/latex/collectbox\collectbox.sty
Package: collectbox 2012/05/17 v0.4b Collect macro arguments as boxes
\collectedbox=\box79
)
\tc@llx=\dimen322
\tc@lly=\dimen323
\tc@urx=\dimen324
\tc@ury=\dimen325
Package trimclip Info: Using driver 'tc-pdftex.def'.

(C:\Users\afabre\AppData\Roaming\MiKTeX\tex/latex/adjustbox\tc-pdftex.def
File: tc-pdftex.def 2019/01/04 v2.2 Clipping driver for pdftex
))
\adjbox@Width=\dimen326
\adjbox@Height=\dimen327
\adjbox@Depth=\dimen328
\adjbox@Totalheight=\dimen329
\adjbox@pwidth=\dimen330
\adjbox@pheight=\dimen331
\adjbox@pdepth=\dimen332
\adjbox@ptotalheight=\dimen333

(C:\Users\afabre\AppData\Roaming\MiKTeX\tex/latex/ifoddpage\ifoddpage.sty
Package: ifoddpage 2016/04/23 v1.1 Conditionals for odd/even page detection
\c@checkoddpage=\count331
LaTeX Info: Redefining \checkoddpage on input line 45.
)
(C:\Users\afabre\AppData\Roaming\MiKTeX\tex/latex/varwidth\varwidth.sty
Package: varwidth 2009/03/30 ver 0.92;  Variable-width minipages
\@vwid@box=\box80
\sift@deathcycles=\count332
\@vwid@loff=\dimen334
\@vwid@roff=\dimen335
))
(C:\Users\afabre\AppData\Roaming\MiKTeX\tex/latex/eurosym\eurosym.sty
Package: eurosym 1998/08/06 v1.1 European currency symbol ``Euro''
\@eurobox=\box81
)
(C:\Users\afabre\AppData\Roaming\MiKTeX\tex/latex/was\gensymb.sty
Package: gensymb 2003/07/02 v1.0 (WaS)
)
("C:\Program Files\MiKTeX\tex/latex/pgf/frontendlayer\tikz.sty"
("C:\Program Files\MiKTeX\tex/latex/pgf/basiclayer\pgf.sty"
Package: pgf 2020/01/08 v3.1.5b (3.1.5b)

("C:\Program Files\MiKTeX\tex/generic/pgf/modules\pgfmoduleshapes.code.tex"
File: pgfmoduleshapes.code.tex 2020/01/08 v3.1.5b (3.1.5b)
\pgfnodeparttextbox=\box82
)
("C:\Program Files\MiKTeX\tex/generic/pgf/modules\pgfmoduleplot.code.tex"
File: pgfmoduleplot.code.tex 2020/01/08 v3.1.5b (3.1.5b)
)
("C:\Program Files\MiKTeX\tex/latex/pgf/compatibility\pgfcomp-version-0-65.sty"
Package: pgfcomp-version-0-65 2020/01/08 v3.1.5b (3.1.5b)
\pgf@nodesepstart=\dimen336
\pgf@nodesepend=\dimen337
) ("C:\Program Files\MiKTeX\tex/latex/pgf/compatibility\pgfcomp-version-1-18.st
y"
Package: pgfcomp-version-1-18 2020/01/08 v3.1.5b (3.1.5b)
)) ("C:\Program Files\MiKTeX\tex/latex/pgf/utilities\pgffor.sty"
("C:\Program Files\MiKTeX\tex/latex/pgf/utilities\pgfkeys.sty"
("C:\Program Files\MiKTeX\tex/generic/pgf/utilities\pgfkeys.code.tex"))
("C:\Program Files\MiKTeX\tex/latex/pgf/math\pgfmath.sty"
("C:\Program Files\MiKTeX\tex/generic/pgf/math\pgfmath.code.tex"))
("C:\Program Files\MiKTeX\tex/generic/pgf/utilities\pgffor.code.tex"
Package: pgffor 2020/01/08 v3.1.5b (3.1.5b)

("C:\Program Files\MiKTeX\tex/generic/pgf/math\pgfmath.code.tex")
\pgffor@iter=\dimen338
\pgffor@skip=\dimen339
\pgffor@stack=\toks54
\pgffor@toks=\toks55
))
("C:\Program Files\MiKTeX\tex/generic/pgf/frontendlayer/tikz\tikz.code.tex"
Package: tikz 2020/01/08 v3.1.5b (3.1.5b)

("C:\Program Files\MiKTeX\tex/generic/pgf/libraries\pgflibraryplothandlers.code
.tex"
File: pgflibraryplothandlers.code.tex 2020/01/08 v3.1.5b (3.1.5b)
\pgf@plot@mark@count=\count333
\pgfplotmarksize=\dimen340
)
\tikz@lastx=\dimen341
\tikz@lasty=\dimen342
\tikz@lastxsaved=\dimen343
\tikz@lastysaved=\dimen344
\tikz@lastmovetox=\dimen345
\tikz@lastmovetoy=\dimen346
\tikzleveldistance=\dimen347
\tikzsiblingdistance=\dimen348
\tikz@figbox=\box83
\tikz@figbox@bg=\box84
\tikz@tempbox=\box85
\tikz@tempbox@bg=\box86
\tikztreelevel=\count334
\tikznumberofchildren=\count335
\tikznumberofcurrentchild=\count336
\tikz@fig@count=\count337

("C:\Program Files\MiKTeX\tex/generic/pgf/modules\pgfmodulematrix.code.tex"
File: pgfmodulematrix.code.tex 2020/01/08 v3.1.5b (3.1.5b)
\pgfmatrixcurrentrow=\count338
\pgfmatrixcurrentcolumn=\count339
\pgf@matrix@numberofcolumns=\count340
)
\tikz@expandcount=\count341

("C:\Program Files\MiKTeX\tex/generic/pgf/frontendlayer/tikz/libraries\tikzlibr
arytopaths.code.tex"
File: tikzlibrarytopaths.code.tex 2020/01/08 v3.1.5b (3.1.5b)
)))
("C:\Program Files\MiKTeX\tex/generic/pgf/frontendlayer/tikz/libraries\tikzlibr
aryer.code.tex"
File: tikzlibraryer.code.tex 2020/01/08 v3.1.5b (3.1.5b)

("C:\Program Files\MiKTeX\tex/generic/pgf/frontendlayer/tikz/libraries\tikzlibr
aryshapes.geometric.code.tex"
File: tikzlibraryshapes.geometric.code.tex 2020/01/08 v3.1.5b (3.1.5b)

("C:\Program Files\MiKTeX\tex/generic/pgf/libraries/shapes\pgflibraryshapes.geo
metric.code.tex"
File: pgflibraryshapes.geometric.code.tex 2020/01/08 v3.1.5b (3.1.5b)
)))
("C:\Program Files\MiKTeX\tex/generic/pgf/frontendlayer/tikz/libraries\tikzlibr
arypositioning.code.tex"
File: tikzlibrarypositioning.code.tex 2020/01/08 v3.1.5b (3.1.5b)
)
("C:\Program Files\MiKTeX\tex/generic/pgf/frontendlayer/tikz/libraries\tikzlibr
arydecorations.pathmorphing.code.tex"
("C:\Program Files\MiKTeX\tex/generic/pgf/frontendlayer/tikz/libraries\tikzlibr
arydecorations.code.tex"
("C:\Program Files\MiKTeX\tex/generic/pgf/modules\pgfmoduledecorations.code.tex
"
\pgfdecoratedcompleteddistance=\dimen349
\pgfdecoratedremainingdistance=\dimen350
\pgfdecoratedinputsegmentcompleteddistance=\dimen351
\pgfdecoratedinputsegmentremainingdistance=\dimen352
\pgf@decorate@distancetomove=\dimen353
\pgf@decorate@repeatstate=\count342
\pgfdecorationsegmentamplitude=\dimen354
\pgfdecorationsegmentlength=\dimen355
)
\tikz@lib@dec@box=\box87
)
("C:\Program Files\MiKTeX\tex/generic/pgf/libraries/decorations\pgflibrarydecor
ations.pathmorphing.code.tex"))
("C:\Program Files\MiKTeX\tex/generic/pgf/frontendlayer/tikz/libraries\tikzlibr
arycalc.code.tex"
File: tikzlibrarycalc.code.tex 2020/01/08 v3.1.5b (3.1.5b)
) ("C:\Program Files\MiKTeX\tex/latex/tikzscale\tikzscale.sty"
Package: tikzscale 2013/05/22 v0.2.6 tikzscale LaTeX package
("C:\Program Files\MiKTeX\tex/latex/l3packages/xparse\xparse.sty"
("C:\Program Files\MiKTeX\tex/latex/l3kernel\expl3.sty"
Package: expl3 2020-06-18 L3 programming layer (loader) 

("C:\Program Files\MiKTeX\tex/latex/l3backend\l3backend-pdfmode.def"
File: l3backend-pdfmode.def 2020-06-29 L3 backend support: PDF mode
\l__kernel_color_stack_int=\count343
\l__pdf_internal_box=\box88
))
Package: xparse 2020-05-15 L3 Experimental document command parser

("C:\Program Files\MiKTeX\tex/latex/l3packages/xparse\xparse-generic.tex"
\l__xparse_current_arg_int=\count344
\g__xparse_grabber_int=\count345
\l__xparse_m_args_int=\count346
\l__xparse_v_nesting_int=\count347
))
("C:\Program Files\MiKTeX\tex/latex/xstring\xstring.sty"
("C:\Program Files\MiKTeX\tex/generic/xstring\xstring.tex"
\integerpart=\count348
\decimalpart=\count349
)
Package: xstring 2019/02/06 v1.83 String manipulations (CT)
)
\tikzscale@measuredSize=\box89
)
("C:\Program Files\MiKTeX\tex/latex/environ\environ.sty"
Package: environ 2014/05/04 v0.3 A new way to define environments

("C:\Program Files\MiKTeX\tex/latex/trimspaces\trimspaces.sty"
Package: trimspaces 2009/09/17 v1.1 Trim spaces around a token list
)))
(abbreviations.tex)
\tikzscale@accuracy=\skip69
 (FR_CAE.aux)
\openout1 = `FR_CAE.aux'.

LaTeX Font Info:    Checking defaults for OML/cmm/m/it on input line 16.
LaTeX Font Info:    ... okay on input line 16.
LaTeX Font Info:    Checking defaults for OMS/cmsy/m/n on input line 16.
LaTeX Font Info:    ... okay on input line 16.
LaTeX Font Info:    Checking defaults for OT1/cmr/m/n on input line 16.
LaTeX Font Info:    ... okay on input line 16.
LaTeX Font Info:    Checking defaults for T1/cmr/m/n on input line 16.
LaTeX Font Info:    ... okay on input line 16.
LaTeX Font Info:    Checking defaults for TS1/cmr/m/n on input line 16.
LaTeX Font Info:    ... okay on input line 16.
LaTeX Font Info:    Checking defaults for OMX/cmex/m/n on input line 16.
LaTeX Font Info:    ... okay on input line 16.
LaTeX Font Info:    Checking defaults for U/cmr/m/n on input line 16.
LaTeX Font Info:    ... okay on input line 16.
LaTeX Font Info:    Checking defaults for PD1/pdf/m/n on input line 16.
LaTeX Font Info:    ... okay on input line 16.
LaTeX Font Info:    Trying to load font information for T1+ptm on input line 16
.

(C:\Users\afabre\AppData\Roaming\MiKTeX\tex/latex/psnfss\t1ptm.fd
File: t1ptm.fd 2001/06/04 font definitions for T1/ptm.
)
*geometry* driver: auto-detecting
*geometry* detected driver: pdftex
*geometry* verbose mode - [ preamble ] result:
* driver: pdftex
* paper: custom
* layout: <same size as paper>
* layoutoffset:(h,v)=(0.0pt,0.0pt)
* modes: includehead includefoot 
* h-part:(L,W,R)=(5.69046pt, 446.70818pt, 2.84544pt)
* v-part:(T,H,B)=(0.0pt, 256.0748pt, 0.0pt)
* \paperwidth=455.24408pt
* \paperheight=256.0748pt
* \textwidth=446.70818pt
* \textheight=227.62207pt
* \oddsidemargin=-66.57953pt
* \evensidemargin=-66.57953pt
* \topmargin=-72.26999pt
* \headheight=14.22636pt
* \headsep=0.0pt
* \topskip=11.0pt
* \footskip=14.22636pt
* \marginparwidth=4.0pt
* \marginparsep=10.0pt
* \columnsep=10.0pt
* \skip\footins=10.0pt plus 4.0pt minus 2.0pt
* \hoffset=0.0pt
* \voffset=0.0pt
* \mag=1000
* \@twocolumnfalse
* \@twosidefalse
* \@mparswitchfalse
* \@reversemarginfalse
* (1in=72.27pt=25.4mm, 1cm=28.453pt)

("C:\Program Files\MiKTeX\tex/context/base/mkii\supp-pdf.mkii"
[Loading MPS to PDF converter (version 2006.09.02).]
\scratchcounter=\count350
\scratchdimen=\dimen356
\scratchbox=\box90
\nofMPsegments=\count351
\nofMParguments=\count352
\everyMPshowfont=\toks56
\MPscratchCnt=\count353
\MPscratchDim=\dimen357
\MPnumerator=\count354
\makeMPintoPDFobject=\count355
\everyMPtoPDFconversion=\toks57
) ("C:\Program Files\MiKTeX\tex/latex/epstopdf-pkg\epstopdf-base.sty"
Package: epstopdf-base 2020-01-24 v2.11 Base part for package epstopdf
Package epstopdf-base Info: Redefining graphics rule for `.eps' on input line 4
85.
)
ABD: EveryShipout initializing macros
\AtBeginShipoutBox=\box91
Package hyperref Info: Link coloring OFF on input line 16.

("C:\Program Files\MiKTeX\tex/latex/hyperref\nameref.sty"
Package: nameref 2019/09/16 v2.46 Cross-referencing by name of section

(C:\Users\afabre\AppData\Roaming\MiKTeX\tex/latex/refcount\refcount.sty
Package: refcount 2019/12/15 v3.6 Data extraction from label references (HO)
)
(C:\Users\afabre\AppData\Roaming\MiKTeX\tex/generic/gettitlestring\gettitlestri
ng.sty
Package: gettitlestring 2019/12/15 v1.6 Cleanup title references (HO)
)
\c@section@level=\count356
)
LaTeX Info: Redefining \ref on input line 16.
LaTeX Info: Redefining \pageref on input line 16.
LaTeX Info: Redefining \nameref on input line 16.
 (FR_CAE.out) (FR_CAE.out)
\@outlinefile=\write5
\openout5 = `FR_CAE.out'.

LaTeX Font Info:    Overwriting symbol font `operators' in version `normal'
(Font)                  OT1/ppl/m/n --> OT1/cmss/m/n on input line 16.
LaTeX Font Info:    Overwriting symbol font `operators' in version `bold'
(Font)                  OT1/ppl/b/n --> OT1/cmss/b/n on input line 16.
\symnumbers=\mathgroup7
\sympureletters=\mathgroup8
LaTeX Font Info:    Overwriting math alphabet `\mathrm' in version `normal'
(Font)                  OT1/cmss/m/n --> T1/ptm/m/n on input line 16.
LaTeX Font Info:    Redeclaring math alphabet \mathbf on input line 16.
LaTeX Font Info:    Overwriting math alphabet `\mathbf' in version `normal'
(Font)                  OT1/zplm/b/n --> T1/phv/b/n on input line 16.
LaTeX Font Info:    Overwriting math alphabet `\mathbf' in version `bold'
(Font)                  OT1/zplm/b/n --> T1/phv/b/n on input line 16.
LaTeX Font Info:    Redeclaring math alphabet \mathsf on input line 16.
LaTeX Font Info:    Overwriting math alphabet `\mathsf' in version `normal'
(Font)                  OT1/cmss/m/n --> T1/phv/m/n on input line 16.
LaTeX Font Info:    Overwriting math alphabet `\mathsf' in version `bold'
(Font)                  OT1/cmss/bx/n --> T1/phv/m/n on input line 16.
LaTeX Font Info:    Redeclaring math alphabet \mathit on input line 16.
LaTeX Font Info:    Overwriting math alphabet `\mathit' in version `normal'
(Font)                  OT1/ppl/m/it --> T1/phv/m/it on input line 16.
LaTeX Font Info:    Overwriting math alphabet `\mathit' in version `bold'
(Font)                  OT1/ppl/b/it --> T1/phv/m/it on input line 16.
LaTeX Font Info:    Redeclaring math alphabet \mathtt on input line 16.
LaTeX Font Info:    Overwriting math alphabet `\mathtt' in version `normal'
(Font)                  OT1/cmtt/m/n --> T1/pcr/m/n on input line 16.
LaTeX Font Info:    Overwriting math alphabet `\mathtt' in version `bold'
(Font)                  OT1/cmtt/m/n --> T1/pcr/m/n on input line 16.
LaTeX Font Info:    Overwriting symbol font `numbers' in version `bold'
(Font)                  T1/phv/m/n --> T1/phv/b/n on input line 16.
LaTeX Font Info:    Overwriting symbol font `pureletters' in version `bold'
(Font)                  T1/phv/m/it --> T1/phv/b/it on input line 16.
LaTeX Font Info:    Overwriting math alphabet `\mathrm' in version `bold'
(Font)                  OT1/cmss/b/n --> T1/ptm/b/n on input line 16.
LaTeX Font Info:    Overwriting math alphabet `\mathbf' in version `bold'
(Font)                  T1/phv/b/n --> T1/phv/b/n on input line 16.
LaTeX Font Info:    Overwriting math alphabet `\mathsf' in version `bold'
(Font)                  T1/phv/m/n --> T1/phv/b/n on input line 16.
LaTeX Font Info:    Overwriting math alphabet `\mathit' in version `bold'
(Font)                  T1/phv/m/it --> T1/phv/b/it on input line 16.
LaTeX Font Info:    Overwriting math alphabet `\mathtt' in version `bold'
(Font)                  T1/pcr/m/n --> T1/pcr/b/n on input line 16.

(C:\Users\afabre\AppData\Roaming\MiKTeX\tex/latex/translator\translator-basic-d
ictionary-English.dict
Dictionary: translator-basic-dictionary, Language: English 
)
(C:\Users\afabre\AppData\Roaming\MiKTeX\tex/latex/translator\translator-bibliog
raphy-dictionary-English.dict
Dictionary: translator-bibliography-dictionary, Language: English 
)
(C:\Users\afabre\AppData\Roaming\MiKTeX\tex/latex/translator\translator-environ
ment-dictionary-English.dict
Dictionary: translator-environment-dictionary, Language: English 
)
(C:\Users\afabre\AppData\Roaming\MiKTeX\tex/latex/translator\translator-months-
dictionary-English.dict
Dictionary: translator-months-dictionary, Language: English 
)
(C:\Users\afabre\AppData\Roaming\MiKTeX\tex/latex/translator\translator-numbers
-dictionary-English.dict
Dictionary: translator-numbers-dictionary, Language: English 
)
(C:\Users\afabre\AppData\Roaming\MiKTeX\tex/latex/translator\translator-theorem
-dictionary-English.dict
Dictionary: translator-theorem-dictionary, Language: English 
)
Package caption Info: Begin \AtBeginDocument code.
Package caption Info: End \AtBeginDocument code.

(C:\Users\afabre\AppData\Roaming\MiKTeX\tex/latex/pdflscape\pdflscape.sty
Package: pdflscape 2019/12/05 v0.12 Display of landscape pages in PDF (HO)

("C:\Program Files\MiKTeX\tex/latex/graphics\lscape.sty"
Package: lscape 2000/10/22 v3.01 Landscape Pages (DPC)
)
Package pdflscape Info: Auto-detected driver: pdftex on input line 81.
)
LaTeX Info: Redefining \celsius on input line 16.
Package gensymb Info: Faking symbols for \degree and \celsius on input line 16.



Package gensymb Warning: Not defining \perthousand.

LaTeX Info: Redefining \ohm on input line 16.
Package gensymb Info: Using \upOmega for \ohm on input line 16.

Package gensymb Warning: Not defining \micro.

(FR_CAE.nav)

Package datetime2 Warning: Region `english-base' has ignored 
(datetime2)                the following settings:
(datetime2)                showdayofmonth=false
 on input line 48.


Package datetime2 Warning: Region `english' has ignored 
(datetime2)                the following settings:
(datetime2)                showdayofmonth=false
 on input line 48.

[1

{C:/Users/afabre/AppData/Local/MiKTeX/pdftex/config/pdftex.map}] [2

]
LaTeX Font Info:    Trying to load font information for OML+zplm on input line 
73.

(C:\Users\afabre\AppData\Roaming\MiKTeX\tex/latex/psnfss\omlzplm.fd
File: omlzplm.fd 2002/09/08 Fontinst v1.914 font definitions for OML/zplm.
)
LaTeX Font Info:    Trying to load font information for OMS+zplm on input line 
73.

(C:\Users\afabre\AppData\Roaming\MiKTeX\tex/latex/psnfss\omszplm.fd
File: omszplm.fd 2002/09/08 Fontinst v1.914 font definitions for OMS/zplm.
)
LaTeX Font Info:    Trying to load font information for OMX+zplm on input line 
73.

(C:\Users\afabre\AppData\Roaming\MiKTeX\tex/latex/psnfss\omxzplm.fd
File: omxzplm.fd 2002/09/08 Fontinst v1.914 font definitions for OMX/zplm.
)
LaTeX Font Info:    Font shape `U/msa/m/n' will be
(Font)              scaled to size 10.42007pt on input line 73.
LaTeX Font Info:    Font shape `U/msa/m/n' will be
(Font)              scaled to size 7.91925pt on input line 73.
LaTeX Font Info:    Font shape `U/msa/m/n' will be
(Font)              scaled to size 6.25204pt on input line 73.
LaTeX Font Info:    Font shape `U/msb/m/n' will be
(Font)              scaled to size 10.42007pt on input line 73.
LaTeX Font Info:    Font shape `U/msb/m/n' will be
(Font)              scaled to size 7.91925pt on input line 73.
LaTeX Font Info:    Font shape `U/msb/m/n' will be
(Font)              scaled to size 6.25204pt on input line 73.
LaTeX Font Info:    Trying to load font information for OT1+zplm on input line 
73.

(C:\Users\afabre\AppData\Roaming\MiKTeX\tex/latex/psnfss\ot1zplm.fd
File: ot1zplm.fd 2002/09/08 Fontinst v1.914 font definitions for OT1/zplm.
)
LaTeX Font Info:    Trying to load font information for T1+phv on input line 73
.

(C:\Users\afabre\AppData\Roaming\MiKTeX\tex/latex/psnfss\t1phv.fd
File: t1phv.fd 2020/03/25 scalable font definitions for T1/phv.
)
LaTeX Font Info:    Font shape `T1/phv/m/it' in size <10> not available
(Font)              Font shape `T1/phv/m/sl' tried instead on input line 73.
LaTeX Font Info:    Font shape `T1/phv/m/it' in size <7.6> not available
(Font)              Font shape `T1/phv/m/sl' tried instead on input line 73.
LaTeX Font Info:    Font shape `T1/phv/m/it' in size <6> not available
(Font)              Font shape `T1/phv/m/sl' tried instead on input line 73.
<../figures/Country_coverage.png, id=115, 7026.25pt x 4207.72pt>
File: ../figures/Country_coverage.png Graphic file (type png)
<use ../figures/Country_coverage.png>
Package pdftex.def Info: ../figures/Country_coverage.png  used on input line 73
.
(pdftex.def)             Requested size: 335.03113pt x 200.57503pt.

Overfull \vbox (42.87453pt too high) detected at line 73
 []

[3

 <../figures/Country_coverage.png>] [4

] [5

] [6

]
<../figures/survey_flow-1.pdf, id=139, 963.6pt x 542.025pt>
File: ../figures/survey_flow-1.pdf Graphic file (type pdf)
<use ../figures/survey_flow-1.pdf>
Package pdftex.def Info: ../figures/survey_flow-1.pdf  used on input line 136.
(pdftex.def)             Requested size: 402.03462pt x 226.14369pt.

Overfull \vbox (20.96873pt too high) detected at line 136
 []

[7

 <../figures/survey_flow-1.pdf>]
<../figures/survey_flow-2.pdf, id=158, 963.6pt x 542.025pt>
File: ../figures/survey_flow-2.pdf Graphic file (type pdf)
<use ../figures/survey_flow-2.pdf>
Package pdftex.def Info: ../figures/survey_flow-2.pdf  used on input line 136.
(pdftex.def)             Requested size: 402.03462pt x 226.14369pt.

Overfull \vbox (20.96873pt too high) detected at line 136
 []

[8

 <../figures/survey_flow-2.pdf>]
<../figures/survey_flow-3.pdf, id=176, 963.6pt x 542.025pt>
File: ../figures/survey_flow-3.pdf Graphic file (type pdf)
<use ../figures/survey_flow-3.pdf>
Package pdftex.def Info: ../figures/survey_flow-3.pdf  used on input line 136.
(pdftex.def)             Requested size: 402.03462pt x 226.14369pt.

Overfull \vbox (20.96873pt too high) detected at line 136
 []

[9

 <../figures/survey_flow-3.pdf>]
<../figures/survey_flow-4.pdf, id=194, 963.6pt x 542.025pt>
File: ../figures/survey_flow-4.pdf Graphic file (type pdf)
<use ../figures/survey_flow-4.pdf>
Package pdftex.def Info: ../figures/survey_flow-4.pdf  used on input line 136.
(pdftex.def)             Requested size: 402.03462pt x 226.14369pt.

Overfull \vbox (20.96873pt too high) detected at line 136
 []

[10

 <../figures/survey_flow-4.pdf>]
<../figures/survey_flow-5.pdf, id=212, 963.6pt x 542.025pt>
File: ../figures/survey_flow-5.pdf Graphic file (type pdf)
<use ../figures/survey_flow-5.pdf>
Package pdftex.def Info: ../figures/survey_flow-5.pdf  used on input line 136.
(pdftex.def)             Requested size: 402.03462pt x 226.14369pt.

Overfull \vbox (20.96873pt too high) detected at line 136
 []

[11

 <../figures/survey_flow-5.pdf>]
<../figures/survey_flow-6.pdf, id=237, 963.6pt x 542.025pt>
File: ../figures/survey_flow-6.pdf Graphic file (type pdf)
<use ../figures/survey_flow-6.pdf>
Package pdftex.def Info: ../figures/survey_flow-6.pdf  used on input line 136.
(pdftex.def)             Requested size: 402.03462pt x 226.14369pt.

Overfull \vbox (20.96873pt too high) detected at line 136
 []

[12

 <../figures/survey_flow-6.pdf>]
<../figures/survey_flow-7.pdf, id=262, 963.6pt x 542.025pt>
File: ../figures/survey_flow-7.pdf Graphic file (type pdf)
<use ../figures/survey_flow-7.pdf>
Package pdftex.def Info: ../figures/survey_flow-7.pdf  used on input line 136.
(pdftex.def)             Requested size: 402.03462pt x 226.14369pt.

Overfull \vbox (20.96873pt too high) detected at line 136
 []

[13

 <../figures/survey_flow-7.pdf>]
<../figures/survey_flow-8.pdf, id=288, 963.6pt x 542.025pt>
File: ../figures/survey_flow-8.pdf Graphic file (type pdf)
<use ../figures/survey_flow-8.pdf>
Package pdftex.def Info: ../figures/survey_flow-8.pdf  used on input line 136.
(pdftex.def)             Requested size: 402.03462pt x 226.14369pt.

Overfull \vbox (20.96873pt too high) detected at line 136
 []

[14

 <../figures/survey_flow-8.pdf>]
<../figures/survey_flow-9.pdf, id=313, 963.6pt x 542.025pt>
File: ../figures/survey_flow-9.pdf Graphic file (type pdf)
<use ../figures/survey_flow-9.pdf>
Package pdftex.def Info: ../figures/survey_flow-9.pdf  used on input line 136.
(pdftex.def)             Requested size: 402.03462pt x 226.14369pt.

Overfull \vbox (20.96873pt too high) detected at line 136
 []

[15

 <../figures/survey_flow-9.pdf>]
<../figures/survey_flow-10.pdf, id=338, 963.6pt x 542.025pt>
File: ../figures/survey_flow-10.pdf Graphic file (type pdf)
<use ../figures/survey_flow-10.pdf>
Package pdftex.def Info: ../figures/survey_flow-10.pdf  used on input line 136.

(pdftex.def)             Requested size: 402.03462pt x 226.14369pt.

Overfull \vbox (7.36873pt too high) detected at line 136
 []

[16

 <../figures/survey_flow-10.pdf>] [17

]
(../tables/FR/summary_stat_fr_prez.tex
LaTeX Font Info:    Font shape `U/msa/m/n' will be
(Font)              scaled to size 11.40997pt on input line 1.
LaTeX Font Info:    Font shape `U/msa/m/n' will be
(Font)              scaled to size 8.33606pt on input line 1.
LaTeX Font Info:    Font shape `U/msb/m/n' will be
(Font)              scaled to size 11.40997pt on input line 1.
LaTeX Font Info:    Font shape `U/msb/m/n' will be
(Font)              scaled to size 8.33606pt on input line 1.
LaTeX Font Info:    Font shape `T1/phv/m/it' in size <10.95> not available
(Font)              Font shape `T1/phv/m/sl' tried instead on input line 1.
LaTeX Font Info:    Font shape `T1/phv/m/it' in size <8> not available
(Font)              Font shape `T1/phv/m/sl' tried instead on input line 1.
)
Overfull \vbox (64.34402pt too high) detected at line 158
 []

[18

] [19

] [20

]
<../figures/FR/education_FR.png, id=387, 983.675pt x 111.41624pt>
File: ../figures/FR/education_FR.png Graphic file (type png)
<use ../figures/FR/education_FR.png>
Package pdftex.def Info: ../figures/FR/education_FR.png  used on input line 118
8.
(pdftex.def)             Requested size: 355.08981pt x 40.21861pt.
 [21

 <../figures/FR/education_FR.png>]
<../figures/FR/left_right_FR.png, id=394, 887.315pt x 111.41624pt>
File: ../figures/FR/left_right_FR.png Graphic file (type png)
<use ../figures/FR/left_right_FR.png>
Package pdftex.def Info: ../figures/FR/left_right_FR.png  used on input line 11
88.
(pdftex.def)             Requested size: 396.06012pt x 49.73051pt.
 [22

 <../figures/FR/left_right_FR.png>]
<../figures/FR/urban_FR_comp.png, id=401, 621.32124pt x 221.82875pt>
File: ../figures/FR/urban_FR_comp.png Graphic file (type png)
<use ../figures/FR/urban_FR_comp.png>
Package pdftex.def Info: ../figures/FR/urban_FR_comp.png  used on input line 11
88.
(pdftex.def)             Requested size: 195.75162pt x 69.88657pt.
 [23

 <../figures/FR/urban_FR_comp.png>]
<../figures/FR/gender_FR_comp.png, id=408, 453.695pt x 211.79124pt>
File: ../figures/FR/gender_FR_comp.png Graphic file (type png)
<use ../figures/FR/gender_FR_comp.png>
Package pdftex.def Info: ../figures/FR/gender_FR_comp.png  used on input line 1
188.
(pdftex.def)             Requested size: 195.75162pt x 91.3787pt.
<../figures/FR/age_FR_comp.png, id=409, 538.01pt x 211.79124pt>
File: ../figures/FR/age_FR_comp.png Graphic file (type png)
<use ../figures/FR/age_FR_comp.png>
Package pdftex.def Info: ../figures/FR/age_FR_comp.png  used on input line 1188
.
(pdftex.def)             Requested size: 195.75162pt x 77.05916pt.

Overfull \vbox (4.73494pt too high) detected at line 1188
 []

[24

 <../figures/FR/gender_FR_comp.png> <../figures/FR/age_FR_comp.png>]
<../figures/FR/income_FR_comp.png, id=417, 486.81876pt x 211.79124pt>
File: ../figures/FR/income_FR_comp.png Graphic file (type png)
<use ../figures/FR/income_FR_comp.png>
Package pdftex.def Info: ../figures/FR/income_FR_comp.png  used on input line 1
188.
(pdftex.def)             Requested size: 195.75162pt x 85.16096pt.
<../figures/FR/wealth_FR.png, id=418, 462.72874pt x 111.41624pt>
File: ../figures/FR/wealth_FR.png Graphic file (type png)
<use ../figures/FR/wealth_FR.png>
Package pdftex.def Info: ../figures/FR/wealth_FR.png  used on input line 1188.
(pdftex.def)             Requested size: 195.75162pt x 47.13281pt.

Overfull \vbox (18.81723pt too high) detected at line 1188
 []

[25

 <../figures/FR/income_FR_comp.png> <../figures/FR/wealth_FR.png>]
<../figures/FR/employment_status_FR.png, id=427, 622.325pt x 111.41624pt>
File: ../figures/FR/employment_status_FR.png Graphic file (type png)
<use ../figures/FR/employment_status_FR.png>
Package pdftex.def Info: ../figures/FR/employment_status_FR.png  used on input 
line 1188.
(pdftex.def)             Requested size: 318.66946pt x 57.05273pt.
<../figures/FR/hit_by_covid_FR.png, id=428, 376.40625pt x 111.41624pt>
File: ../figures/FR/hit_by_covid_FR.png Graphic file (type png)
<use ../figures/FR/hit_by_covid_FR.png>
Package pdftex.def Info: ../figures/FR/hit_by_covid_FR.png  used on input line 
1188.
(pdftex.def)             Requested size: 218.51521pt x 64.68266pt.
 [26

 <../figures/FR/employment_status_FR.png> <../figures/FR/hit_by_covid_FR.png>]
[27

]
<../figures/FR/interested_politics_FR.png, id=442, 635.37375pt x 111.41624pt>
File: ../figures/FR/interested_politics_FR.png Graphic file (type png)
<use ../figures/FR/interested_politics_FR.png>
Package pdftex.def Info: ../figures/FR/interested_politics_FR.png  used on inpu
t line 1188.
(pdftex.def)             Requested size: 236.72885pt x 41.51237pt.
<../figures/FR/member_environmental_orga_FR.png, id=443, 602.25pt x 111.41624pt
>
File: ../figures/FR/member_environmental_orga_FR.png Graphic file (type png)
<use ../figures/FR/member_environmental_orga_FR.png>
Package pdftex.def Info: ../figures/FR/member_environmental_orga_FR.png  used o
n input line 1188.
(pdftex.def)             Requested size: 213.96527pt x 39.58449pt.
<../figures/FR/relative_environmentalist_FR.png, id=444, 524.96124pt x 111.4162
4pt>
File: ../figures/FR/relative_environmentalist_FR.png Graphic file (type png)
<use ../figures/FR/relative_environmentalist_FR.png>
Package pdftex.def Info: ../figures/FR/relative_environmentalist_FR.png  used o
n input line 1188.
(pdftex.def)             Requested size: 213.96527pt x 45.41063pt.
 [28

 <../figures/FR/interested_politics_FR.png> <../figures/FR/member_environmental
_orga_FR.png> <../figures/FR/relative_environmentalist_FR.png>]
<../figures/FR/vote_participation_FR.png, id=453, 508.90125pt x 111.41624pt>
File: ../figures/FR/vote_participation_FR.png Graphic file (type png)
<use ../figures/FR/vote_participation_FR.png>
Package pdftex.def Info: ../figures/FR/vote_participation_FR.png  used on input
 line 1188.
(pdftex.def)             Requested size: 236.72885pt x 51.82841pt.
<../figures/FR/vote_agg_FR.png, id=454, 835.12pt x 111.41624pt>
File: ../figures/FR/vote_agg_FR.png Graphic file (type png)
<use ../figures/FR/vote_agg_FR.png>
Package pdftex.def Info: ../figures/FR/vote_agg_FR.png  used on input line 1188
.
(pdftex.def)             Requested size: 318.66946pt x 42.51541pt.

[29

 <../figures/FR/vote_participation_FR.png> <../figures/FR/vote_agg_FR.png>]
File: ../figures/FR/left_right_FR.png Graphic file (type png)
<use ../figures/FR/left_right_FR.png>
Package pdftex.def Info: ../figures/FR/left_right_FR.png  used on input line 11
88.
(pdftex.def)             Requested size: 318.66946pt x 40.01291pt.

[30

] [31

]
<../figures/FR/heating_FR.png, id=474, 485.815pt x 111.41624pt>
File: ../figures/FR/heating_FR.png Graphic file (type png)
<use ../figures/FR/heating_FR.png>
Package pdftex.def Info: ../figures/FR/heating_FR.png  used on input line 1188.

(pdftex.def)             Requested size: 195.75162pt x 44.89212pt.
<../figures/FR/heating_expenses_FR.png, id=475, 886.31125pt x 111.41624pt>
File: ../figures/FR/heating_expenses_FR.png Graphic file (type png)
<use ../figures/FR/heating_expenses_FR.png>
Package pdftex.def Info: ../figures/FR/heating_expenses_FR.png  used on input l
ine 1188.
(pdftex.def)             Requested size: 277.69916pt x 34.90929pt.
<../figures/FR/insulation_FR.png, id=476, 552.0625pt x 111.41624pt>
File: ../figures/FR/insulation_FR.png Graphic file (type png)
<use ../figures/FR/insulation_FR.png>
Package pdftex.def Info: ../figures/FR/insulation_FR.png  used on input line 11
88.
(pdftex.def)             Requested size: 236.72885pt x 47.77715pt.

Overfull \vbox (0.15639pt too high) detected at line 1188
 []

[32

 <../figures/FR/heating_FR.png> <../figures/FR/heating_expenses_FR.png> <../fig
ures/FR/insulation_FR.png>]
<../figures/FR/gas_expenses_FR.png, id=485, 747.79375pt x 111.41624pt>
File: ../figures/FR/gas_expenses_FR.png Graphic file (type png)
<use ../figures/FR/gas_expenses_FR.png>
Package pdftex.def Info: ../figures/FR/gas_expenses_FR.png  used on input line 
1188.
(pdftex.def)             Requested size: 236.72885pt x 35.27141pt.
<../figures/FR/flights_3y_FR.png, id=486, 790.955pt x 111.41624pt>
File: ../figures/FR/flights_3y_FR.png Graphic file (type png)
<use ../figures/FR/flights_3y_FR.png>
Package pdftex.def Info: ../figures/FR/flights_3y_FR.png  used on input line 11
88.
(pdftex.def)             Requested size: 277.69916pt x 39.11697pt.
<../figures/FR/frequency_beef_FR.png, id=487, 689.57625pt x 111.41624pt>
File: ../figures/FR/frequency_beef_FR.png Graphic file (type png)
<use ../figures/FR/frequency_beef_FR.png>
Package pdftex.def Info: ../figures/FR/frequency_beef_FR.png  used on input lin
e 1188.
(pdftex.def)             Requested size: 277.69916pt x 44.86832pt.
 [33

 <../figures/FR/gas_expenses_FR.png> <../figures/FR/flights_3y_FR.png> <../figu
res/FR/frequency_beef_FR.png>]
<../figures/FR/transport_FR.png, id=496, 755.82375pt x 246.9225pt>
File: ../figures/FR/transport_FR.png Graphic file (type png)
<use ../figures/FR/transport_FR.png>
Package pdftex.def Info: ../figures/FR/transport_FR.png  used on input line 118
8.
(pdftex.def)             Requested size: 277.69916pt x 90.72313pt.
<../figures/FR/availability_transport_FR.png, id=497, 850.17625pt x 114.4275pt>

File: ../figures/FR/availability_transport_FR.png Graphic file (type png)
<use ../figures/FR/availability_transport_FR.png>
Package pdftex.def Info: ../figures/FR/availability_transport_FR.png  used on i
nput line 1188.
(pdftex.def)             Requested size: 355.08981pt x 47.79207pt.
 [34

 <../figures/FR/transport_FR.png> <../figures/FR/availability_transport_FR.png>
] [35

]
<../figures/FR/CC_field_FR.png, id=511, 305.14pt x 259.97125pt>
File: ../figures/FR/CC_field_FR.png Graphic file (type png)
<use ../figures/FR/CC_field_FR.png>
Package pdftex.def Info: ../figures/FR/CC_field_FR.png  used on input line 1188
.
(pdftex.def)             Requested size: 195.75162pt x 166.78168pt.

[36

 <../figures/FR/CC_field_FR.png>] [37

] [38

]
<../figures/FR/CC_talks_FR.png, id=530, 742.775pt x 111.41624pt>
File: ../figures/FR/CC_talks_FR.png Graphic file (type png)
<use ../figures/FR/CC_talks_FR.png>
Package pdftex.def Info: ../figures/FR/CC_talks_FR.png  used on input line 1188
.
(pdftex.def)             Requested size: 277.69916pt x 41.65518pt.
<../figures/FR/CC_anthropogenic_FR.png, id=531, 653.44125pt x 111.41624pt>
File: ../figures/FR/CC_anthropogenic_FR.png Graphic file (type png)
<use ../figures/FR/CC_anthropogenic_FR.png>
Package pdftex.def Info: ../figures/FR/CC_anthropogenic_FR.png  used on input l
ine 1188.
(pdftex.def)             Requested size: 236.72885pt x 40.36311pt.
 [39

 <../figures/FR/CC_talks_FR.png> <../figures/FR/CC_anthropogenic_FR.png>]
<../figures/FR/CC_knowledgeable_FR.png, id=539, 795.97375pt x 111.41624pt>
File: ../figures/FR/CC_knowledgeable_FR.png Graphic file (type png)
<use ../figures/FR/CC_knowledgeable_FR.png>
Package pdftex.def Info: ../figures/FR/CC_knowledgeable_FR.png  used on input l
ine 1188.
(pdftex.def)             Requested size: 318.66946pt x 44.6048pt.
<../figures/FR/CC_problem_FR.png, id=540, 1060.96375pt x 111.41624pt>
File: ../figures/FR/CC_problem_FR.png Graphic file (type png)
<use ../figures/FR/CC_problem_FR.png>
Package pdftex.def Info: ../figures/FR/CC_problem_FR.png  used on input line 11
88.
(pdftex.def)             Requested size: 355.08981pt x 37.28938pt.
<../figures/FR/CC_dynamic_FR.png, id=541, 583.17876pt x 114.4275pt>
File: ../figures/FR/CC_dynamic_FR.png Graphic file (type png)
<use ../figures/FR/CC_dynamic_FR.png>
Package pdftex.def Info: ../figures/FR/CC_dynamic_FR.png  used on input line 11
88.
(pdftex.def)             Requested size: 277.69916pt x 54.4898pt.

Overfull \vbox (11.68108pt too high) detected at line 1188
 []

[40

 <../figures/FR/CC_knowledgeable_FR.png> <../figures/FR/CC_problem_FR.png> <../
figures/FR/CC_dynamic_FR.png>]
<../figures/FR/GHG_FR.png, id=550, 248.93pt x 203.76125pt>
File: ../figures/FR/GHG_FR.png Graphic file (type png)
<use ../figures/FR/GHG_FR.png>
Package pdftex.def Info: ../figures/FR/GHG_FR.png  used on input line 1188.
(pdftex.def)             Requested size: 136.5746pt x 111.79543pt.
<../figures/FR/score_GHG_FR.png, id=551, 536.0025pt x 111.41624pt>
File: ../figures/FR/score_GHG_FR.png Graphic file (type png)
<use ../figures/FR/score_GHG_FR.png>
Package pdftex.def Info: ../figures/FR/score_GHG_FR.png  used on input line 118
8.
(pdftex.def)             Requested size: 277.69916pt x 57.72256pt.
 [41

 <../figures/FR/GHG_FR.png> <../figures/FR/score_GHG_FR.png>]
<../figures/FR/footprint_transport_FR.png, id=559, 366.36874pt x 191.71625pt>
File: ../figures/FR/footprint_transport_FR.png Graphic file (type png)
<use ../figures/FR/footprint_transport_FR.png>
Package pdftex.def Info: ../figures/FR/footprint_transport_FR.png  used on inpu
t line 1188.
(pdftex.def)             Requested size: 118.36095pt x 61.93552pt.
<../figures/FR/footprint_food_FR.png, id=560, 370.38374pt x 191.71625pt>
File: ../figures/FR/footprint_food_FR.png Graphic file (type png)
<use ../figures/FR/footprint_food_FR.png>
Package pdftex.def Info: ../figures/FR/footprint_food_FR.png  used on input lin
e 1188.
(pdftex.def)             Requested size: 118.36095pt x 61.26268pt.
 [42

 <../figures/FR/footprint_transport_FR.png> <../figures/FR/footprint_food_FR.pn
g>]
<../figures/FR/footprint_elec_FR.png, id=568, 356.33125pt x 191.71625pt>
File: ../figures/FR/footprint_elec_FR.png Graphic file (type png)
<use ../figures/FR/footprint_elec_FR.png>
Package pdftex.def Info: ../figures/FR/footprint_elec_FR.png  used on input lin
e 1188.
(pdftex.def)             Requested size: 118.36095pt x 63.67902pt.
<../figures/FR/footprint_region_no_miss_FR.png, id=569, 363.3575pt x 251.94125p
t>
File: ../figures/FR/footprint_region_no_miss_FR.png Graphic file (type png)
<use ../figures/FR/footprint_region_no_miss_FR.png>
Package pdftex.def Info: ../figures/FR/footprint_region_no_miss_FR.png  used on
 input line 1188.
(pdftex.def)             Requested size: 193.48012pt x 134.15485pt.
<../figures/FR/footprint_pc_no_miss_FR.png, id=570, 363.3575pt x 251.94125pt>
File: ../figures/FR/footprint_pc_no_miss_FR.png Graphic file (type png)
<use ../figures/FR/footprint_pc_no_miss_FR.png>
Package pdftex.def Info: ../figures/FR/footprint_pc_no_miss_FR.png  used on inp
ut line 1188.
(pdftex.def)             Requested size: 193.48012pt x 134.15485pt.

Overfull \vbox (51.13095pt too high) detected at line 1188
 []

[43

 <../figures/FR/footprint_elec_FR.png> <../figures/FR/footprint_region_no_miss_
FR.png> <../figures/FR/footprint_pc_no_miss_FR.png>]
<../figures/FR/CC_impacts_FR.png, id=580, 760.8425pt x 372.39125pt>
File: ../figures/FR/CC_impacts_FR.png Graphic file (type png)
<use ../figures/FR/CC_impacts_FR.png>
Package pdftex.def Info: ../figures/FR/CC_impacts_FR.png  used on input line 11
88.
(pdftex.def)             Requested size: 336.88312pt x 164.88681pt.
 [44

 <../figures/FR/CC_impacts_FR.png>] [45

]
<../figures/FR/CC_responsible_FR.png, id=593, 680.5425pt x 272.01625pt>
File: ../figures/FR/CC_responsible_FR.png Graphic file (type png)
<use ../figures/FR/CC_responsible_FR.png>
Package pdftex.def Info: ../figures/FR/CC_responsible_FR.png  used on input lin
e 1188.
(pdftex.def)             Requested size: 318.66946pt x 127.37448pt.
 [46

 <../figures/FR/CC_responsible_FR.png>]
<../figures/FR/net_zero_feasible_FR.png, id=600, 613.29124pt x 114.4275pt>
File: ../figures/FR/net_zero_feasible_FR.png Graphic file (type png)
<use ../figures/FR/net_zero_feasible_FR.png>
Package pdftex.def Info: ../figures/FR/net_zero_feasible_FR.png  used on input 
line 1188.
(pdftex.def)             Requested size: 236.72885pt x 44.16908pt.
<../figures/FR/CC_affects_self_FR.png, id=601, 771.88374pt x 114.4275pt>
File: ../figures/FR/CC_affects_self_FR.png Graphic file (type png)
<use ../figures/FR/CC_affects_self_FR.png>
Package pdftex.def Info: ../figures/FR/CC_affects_self_FR.png  used on input li
ne 1188.
(pdftex.def)             Requested size: 277.69916pt x 41.16766pt.
 [47

 <../figures/FR/net_zero_feasible_FR.png> <../figures/FR/CC_affects_self_FR.png
>]
<../figures/FR/CC_will_end_FR.png, id=609, 821.0675pt x 111.41624pt>
File: ../figures/FR/CC_will_end_FR.png Graphic file (type png)
<use ../figures/FR/CC_will_end_FR.png>
Package pdftex.def Info: ../figures/FR/CC_will_end_FR.png  used on input line 1
188.
(pdftex.def)             Requested size: 277.69916pt x 37.6821pt.
<../figures/FR/effect_halt_CC_lifestyle_FR.png, id=610, 682.55pt x 114.4275pt>
File: ../figures/FR/effect_halt_CC_lifestyle_FR.png Graphic file (type png)
<use ../figures/FR/effect_halt_CC_lifestyle_FR.png>
Package pdftex.def Info: ../figures/FR/effect_halt_CC_lifestyle_FR.png  used on
 input line 1188.
(pdftex.def)             Requested size: 277.69916pt x 46.5559pt.
<../figures/FR/effect_halt_CC_economy_FR.png, id=611, 779.91376pt x 114.4275pt>

File: ../figures/FR/effect_halt_CC_economy_FR.png Graphic file (type png)
<use ../figures/FR/effect_halt_CC_economy_FR.png>
Package pdftex.def Info: ../figures/FR/effect_halt_CC_economy_FR.png  used on i
nput line 1188.
(pdftex.def)             Requested size: 277.69916pt x 40.7434pt.

Overfull \vbox (12.27847pt too high) detected at line 1188
 []

[48

 <../figures/FR/CC_will_end_FR.png> <../figures/FR/effect_halt_CC_lifestyle_FR.
png> <../figures/FR/effect_halt_CC_economy_FR.png>]
<../figures/FR/willing_FR.png, id=620, 763.85374pt x 292.09125pt>
File: ../figures/FR/willing_FR.png Graphic file (type png)
<use ../figures/FR/willing_FR.png>
Package pdftex.def Info: ../figures/FR/willing_FR.png  used on input line 1188.

(pdftex.def)             Requested size: 318.66946pt x 121.85739pt.
 [49

 <../figures/FR/willing_FR.png>]
<../figures/FR/condition_FR.png, id=628, 801.99625pt x 221.82875pt>
File: ../figures/FR/condition_FR.png Graphic file (type png)
<use ../figures/FR/condition_FR.png>
Package pdftex.def Info: ../figures/FR/condition_FR.png  used on input line 118
8.
(pdftex.def)             Requested size: 396.06012pt x 109.55pt.
 [50

 <../figures/FR/condition_FR.png>] [51

] [52

]
<../figures/FR/standard_effect_FR.png, id=646, 847.165pt x 296.10625pt>
File: ../figures/FR/standard_effect_FR.png Graphic file (type png)
<use ../figures/FR/standard_effect_FR.png>
Package pdftex.def Info: ../figures/FR/standard_effect_FR.png  used on input li
ne 1188.
(pdftex.def)             Requested size: 396.06012pt x 138.43347pt.
 [53

 <../figures/FR/standard_effect_FR.png>]
<../figures/FR/standard_win_lose_FR.png, id=653, 990.70125pt x 292.09125pt>
File: ../figures/FR/standard_win_lose_FR.png Graphic file (type png)
<use ../figures/FR/standard_win_lose_FR.png>
Package pdftex.def Info: ../figures/FR/standard_win_lose_FR.png  used on input 
line 1188.
(pdftex.def)             Requested size: 396.06012pt x 116.77202pt.
 [54

 <../figures/FR/standard_win_lose_FR.png>]
<../figures/FR/standard_fair_FR.png, id=660, 1028.84375pt x 111.41624pt>
File: ../figures/FR/standard_fair_FR.png Graphic file (type png)
<use ../figures/FR/standard_fair_FR.png>
Package pdftex.def Info: ../figures/FR/standard_fair_FR.png  used on input line
 1188.
(pdftex.def)             Requested size: 396.06012pt x 42.89113pt.
<../figures/FR/standard_support_FR.png, id=661, 923.45pt x 111.41624pt>
File: ../figures/FR/standard_support_FR.png Graphic file (type png)
<use ../figures/FR/standard_support_FR.png>
Package pdftex.def Info: ../figures/FR/standard_support_FR.png  used on input l
ine 1188.
(pdftex.def)             Requested size: 396.06012pt x 47.78564pt.
 [55

 <../figures/FR/standard_fair_FR.png> <../figures/FR/standard_support_FR.png>]
<../figures/FR/standard_public_transport_support_FR.png, id=670, 910.40125pt x 
114.4275pt>
File: ../figures/FR/standard_public_transport_support_FR.png Graphic file (type
 png)
<use ../figures/FR/standard_public_transport_support_FR.png>
Package pdftex.def Info: ../figures/FR/standard_public_transport_support_FR.png
  used on input line 1188.
(pdftex.def)             Requested size: 396.06012pt x 49.78079pt.

[56

 <../figures/FR/standard_public_transport_support_FR.png>] [57

] [58

]
<../figures/FR/investments_effect_FR.png, id=688, 1069.9975pt x 295.1025pt>
File: ../figures/FR/investments_effect_FR.png Graphic file (type png)
<use ../figures/FR/investments_effect_FR.png>
Package pdftex.def Info: ../figures/FR/investments_effect_FR.png  used on input
 line 1188.
(pdftex.def)             Requested size: 396.06012pt x 109.23123pt.

[59

 <../figures/FR/investments_effect_FR.png>]
<../figures/FR/investments_win_lose_FR.png, id=695, 967.615pt x 292.09125pt>
File: ../figures/FR/investments_win_lose_FR.png Graphic file (type png)
<use ../figures/FR/investments_win_lose_FR.png>
Package pdftex.def Info: ../figures/FR/investments_win_lose_FR.png  used on inp
ut line 1188.
(pdftex.def)             Requested size: 396.06012pt x 119.55762pt.
 [60

 <../figures/FR/investments_win_lose_FR.png>]
<../figures/FR/investments_fair_FR.png, id=702, 1036.87375pt x 111.41624pt>
File: ../figures/FR/investments_fair_FR.png Graphic file (type png)
<use ../figures/FR/investments_fair_FR.png>
Package pdftex.def Info: ../figures/FR/investments_fair_FR.png  used on input l
ine 1188.
(pdftex.def)             Requested size: 396.06012pt x 42.5579pt.
<../figures/FR/investments_support_FR.png, id=703, 910.40125pt x 111.41624pt>
File: ../figures/FR/investments_support_FR.png Graphic file (type png)
<use ../figures/FR/investments_support_FR.png>
Package pdftex.def Info: ../figures/FR/investments_support_FR.png  used on inpu
t line 1188.
(pdftex.def)             Requested size: 396.06012pt x 48.47076pt.
 [61

 <../figures/FR/investments_fair_FR.png> <../figures/FR/investments_support_FR.
png>]
<../figures/FR/investments_funding_FR.png, id=712, 553.06625pt x 241.90375pt>
File: ../figures/FR/investments_funding_FR.png Graphic file (type png)
<use ../figures/FR/investments_funding_FR.png>
Package pdftex.def Info: ../figures/FR/investments_funding_FR.png  used on inpu
t line 1188.
(pdftex.def)             Requested size: 318.66946pt x 139.38147pt.
 [62

 <../figures/FR/investments_funding_FR.png>]
[63

] [64

]
<../figures/FR/tax_transfers_effect_FR.png, id=731, 947.54pt x 355.3275pt>
File: ../figures/FR/tax_transfers_effect_FR.png Graphic file (type png)
<use ../figures/FR/tax_transfers_effect_FR.png>
Package pdftex.def Info: ../figures/FR/tax_transfers_effect_FR.png  used on inp
ut line 1188.
(pdftex.def)             Requested size: 396.06012pt x 148.52083pt.
 [65

 <../figures/FR/tax_transfers_effect_FR.png>]
<../figures/FR/tax_transfers_win_lose_FR.png, id=738, 990.70125pt x 292.09125pt
>
File: ../figures/FR/tax_transfers_win_lose_FR.png Graphic file (type png)
<use ../figures/FR/tax_transfers_win_lose_FR.png>
Package pdftex.def Info: ../figures/FR/tax_transfers_win_lose_FR.png  used on i
nput line 1188.
(pdftex.def)             Requested size: 396.06012pt x 116.77202pt.
 [66

 <../figures/FR/tax_transfers_win_lose_FR.png>]
<../figures/FR/tax_transfers_fair_FR.png, id=745, 999.735pt x 111.41624pt>
File: ../figures/FR/tax_transfers_fair_FR.png Graphic file (type png)
<use ../figures/FR/tax_transfers_fair_FR.png>
Package pdftex.def Info: ../figures/FR/tax_transfers_fair_FR.png  used on input
 line 1188.
(pdftex.def)             Requested size: 396.06012pt x 44.13898pt.
<../figures/FR/tax_transfers_support_FR.png, id=746, 892.33376pt x 111.41624pt>

File: ../figures/FR/tax_transfers_support_FR.png Graphic file (type png)
<use ../figures/FR/tax_transfers_support_FR.png>
Package pdftex.def Info: ../figures/FR/tax_transfers_support_FR.png  used on in
put line 1188.
(pdftex.def)             Requested size: 396.06012pt x 49.4517pt.
 [67

 <../figures/FR/tax_transfers_fair_FR.png> <../figures/FR/tax_transfers_support
_FR.png>] [68

]
<../figures/FR/policies_win_lose_self_FR.png, id=761, 829.0975pt x 211.79124pt>

File: ../figures/FR/policies_win_lose_self_FR.png Graphic file (type png)
<use ../figures/FR/policies_win_lose_self_FR.png>
Package pdftex.def Info: ../figures/FR/policies_win_lose_self_FR.png  used on i
nput line 1188.
(pdftex.def)             Requested size: 277.69916pt x 70.93515pt.
<../figures/FR/policies_win_lose_rural_FR.png, id=762, 829.0975pt x 211.79124pt
>
File: ../figures/FR/policies_win_lose_rural_FR.png Graphic file (type png)
<use ../figures/FR/policies_win_lose_rural_FR.png>
Package pdftex.def Info: ../figures/FR/policies_win_lose_rural_FR.png  used on 
input line 1188.
(pdftex.def)             Requested size: 277.69916pt x 70.93515pt.
 [69

 <../figures/FR/policies_win_lose_self_FR.png> <../figures/FR/policies_win_lose
_rural_FR.png>]
<../figures/FR/policies_win_lose_rich_FR.png, id=770, 828.09375pt x 211.79124pt
>
File: ../figures/FR/policies_win_lose_rich_FR.png Graphic file (type png)
<use ../figures/FR/policies_win_lose_rich_FR.png>
Package pdftex.def Info: ../figures/FR/policies_win_lose_rich_FR.png  used on i
nput line 1188.
(pdftex.def)             Requested size: 277.69916pt x 71.02563pt.
<../figures/FR/policies_win_lose_poor_FR.png, id=771, 829.0975pt x 211.79124pt>

File: ../figures/FR/policies_win_lose_poor_FR.png Graphic file (type png)
<use ../figures/FR/policies_win_lose_poor_FR.png>
Package pdftex.def Info: ../figures/FR/policies_win_lose_poor_FR.png  used on i
nput line 1188.
(pdftex.def)             Requested size: 277.69916pt x 70.93515pt.
 [70

 <../figures/FR/policies_win_lose_rich_FR.png> <../figures/FR/policies_win_lose
_poor_FR.png>]
<../figures/FR/policies_win_lose_middle_FR.png, id=779, 829.0975pt x 211.79124p
t>
File: ../figures/FR/policies_win_lose_middle_FR.png Graphic file (type png)
<use ../figures/FR/policies_win_lose_middle_FR.png>
Package pdftex.def Info: ../figures/FR/policies_win_lose_middle_FR.png  used on
 input line 1188.
(pdftex.def)             Requested size: 277.69916pt x 70.93515pt.
 [71

 <../figures/FR/policies_win_lose_middle_FR.png>]
<../figures/FR/policies_large_effect_FR.png, id=786, 1025.8325pt x 211.79124pt>

File: ../figures/FR/policies_large_effect_FR.png Graphic file (type png)
<use ../figures/FR/policies_large_effect_FR.png>
Package pdftex.def Info: ../figures/FR/policies_large_effect_FR.png  used on in
put line 1188.
(pdftex.def)             Requested size: 355.08981pt x 73.31042pt.
<../figures/FR/policies_negative_effect_FR.png, id=787, 1025.8325pt x 211.79124
pt>
File: ../figures/FR/policies_negative_effect_FR.png Graphic file (type png)
<use ../figures/FR/policies_negative_effect_FR.png>
Package pdftex.def Info: ../figures/FR/policies_negative_effect_FR.png  used on
 input line 1188.
(pdftex.def)             Requested size: 355.08981pt x 73.31042pt.

Overfull \vbox (4.0725pt too high) detected at line 1188
 []

[72

 <../figures/FR/policies_large_effect_FR.png> <../figures/FR/policies_negative_
effect_FR.png>]
<../figures/FR/policies_cost_effective_FR.png, id=795, 1025.8325pt x 211.79124p
t>
File: ../figures/FR/policies_cost_effective_FR.png Graphic file (type png)
<use ../figures/FR/policies_cost_effective_FR.png>
Package pdftex.def Info: ../figures/FR/policies_cost_effective_FR.png  used on 
input line 1188.
(pdftex.def)             Requested size: 396.06012pt x 81.77094pt.
 [73

 <../figures/FR/policies_cost_effective_FR.png>]
<../figures/FR/policies_fair_FR.png, id=803, 1025.8325pt x 211.79124pt>
File: ../figures/FR/policies_fair_FR.png Graphic file (type png)
<use ../figures/FR/policies_fair_FR.png>
Package pdftex.def Info: ../figures/FR/policies_fair_FR.png  used on input line
 1188.
(pdftex.def)             Requested size: 318.66946pt x 65.79033pt.
<../figures/FR/policies_support_FR.png, id=804, 957.5775pt x 211.79124pt>
File: ../figures/FR/policies_support_FR.png Graphic file (type png)
<use ../figures/FR/policies_support_FR.png>
Package pdftex.def Info: ../figures/FR/policies_support_FR.png  used on input l
ine 1188.
(pdftex.def)             Requested size: 318.66946pt x 70.47948pt.
 [74

 <../figures/FR/policies_fair_FR.png> <../figures/FR/policies_support_FR.png>]
[75

]
<../figures/FR/policy_FR.png, id=818, 909.3975pt x 315.1775pt>
File: ../figures/FR/policy_FR.png Graphic file (type png)
<use ../figures/FR/policy_FR.png>
Package pdftex.def Info: ../figures/FR/policy_FR.png  used on input line 1188.
(pdftex.def)             Requested size: 396.06012pt x 137.26462pt.
 [76

 <../figures/FR/policy_FR.png>]
<../figures/FR/tax_FR.png, id=825, 907.39pt x 375.4025pt>
File: ../figures/FR/tax_FR.png Graphic file (type png)
<use ../figures/FR/tax_FR.png>
Package pdftex.def Info: ../figures/FR/tax_FR.png  used on input line 1188.
(pdftex.def)             Requested size: 396.06012pt x 163.8544pt.

Overfull \vbox (2.84203pt too high) detected at line 1188
 []

[77

 <../figures/FR/tax_FR.png>] [78

]
<../figures/FR/wtp_FR.png, id=838, 660.4675pt x 312.16624pt>
File: ../figures/FR/wtp_FR.png Graphic file (type png)
<use ../figures/FR/wtp_FR.png>
Package pdftex.def Info: ../figures/FR/wtp_FR.png  used on input line 1188.
(pdftex.def)             Requested size: 277.69916pt x 131.25659pt.

Overfull \vbox (24.55368pt too high) detected at line 1188
 []

[79

 <../figures/FR/wtp_FR.png>]
<../figures/FR/donation_agg_FR.png, id=847, 495.8525pt x 114.4275pt>
File: ../figures/FR/donation_agg_FR.png Graphic file (type png)
<use ../figures/FR/donation_agg_FR.png>
Package pdftex.def Info: ../figures/FR/donation_agg_FR.png  used on input line 
1188.
(pdftex.def)             Requested size: 355.08981pt x 81.94424pt.
 [80

 <../figures/FR/donation_agg_FR.png>]
[81

]
<../figures/FR/scale_FR.png, id=860, 428.60126pt x 231.86626pt>
File: ../figures/FR/scale_FR.png Graphic file (type png)
<use ../figures/FR/scale_FR.png>
Package pdftex.def Info: ../figures/FR/scale_FR.png  used on input line 1188.
(pdftex.def)             Requested size: 195.75162pt x 105.8991pt.
 [82

 <../figures/FR/scale_FR.png>]
<../figures/FR/should_fight_CC_FR.png, id=867, 968.61874pt x 111.41624pt>
File: ../figures/FR/should_fight_CC_FR.png Graphic file (type png)
<use ../figures/FR/should_fight_CC_FR.png>
Package pdftex.def Info: ../figures/FR/should_fight_CC_FR.png  used on input li
ne 1188.
(pdftex.def)             Requested size: 396.06012pt x 45.55684pt.
<../figures/FR/if_other_do_FR.png, id=868, 812.03375pt x 171.64125pt>
File: ../figures/FR/if_other_do_FR.png Graphic file (type png)
<use ../figures/FR/if_other_do_FR.png>
Package pdftex.def Info: ../figures/FR/if_other_do_FR.png  used on input line 1
188.
(pdftex.def)             Requested size: 396.06012pt x 83.71469pt.
 [83

 <../figures/FR/should_fight_CC_FR.png> <../figures/FR/if_other_do_FR.png>]
<../figures/FR/burden_sharing_FR.png, id=876, 1089.06876pt x 300.12125pt>
File: ../figures/FR/burden_sharing_FR.png Graphic file (type png)
<use ../figures/FR/burden_sharing_FR.png>
Package pdftex.def Info: ../figures/FR/burden_sharing_FR.png  used on input lin
e 1188.
(pdftex.def)             Requested size: 396.06012pt x 109.14264pt.
 [84

 <../figures/FR/burden_sharing_FR.png>]
<../figures/FR/global_policies_FR.png, id=883, 747.79375pt x 224.84pt>
File: ../figures/FR/global_policies_FR.png Graphic file (type png)
<use ../figures/FR/global_policies_FR.png>
Package pdftex.def Info: ../figures/FR/global_policies_FR.png  used on input li
ne 1188.
(pdftex.def)             Requested size: 396.06012pt x 119.08229pt.
 [85

 <../figures/FR/global_policies_FR.png>] [86

]
<../figures/FR/will_insulate_FR.png, id=897, 566.115pt x 114.4275pt>
File: ../figures/FR/will_insulate_FR.png Graphic file (type png)
<use ../figures/FR/will_insulate_FR.png>
Package pdftex.def Info: ../figures/FR/will_insulate_FR.png  used on input line
 1188.
(pdftex.def)             Requested size: 236.72885pt x 47.84969pt.
<../figures/FR/obstacles_insulation_FR.png, id=898, 548.0475pt x 213.79875pt>
File: ../figures/FR/obstacles_insulation_FR.png Graphic file (type png)
<use ../figures/FR/obstacles_insulation_FR.png>
Package pdftex.def Info: ../figures/FR/obstacles_insulation_FR.png  used on inp
ut line 1188.
(pdftex.def)             Requested size: 213.96527pt x 83.46925pt.
 [87

 <../figures/FR/will_insulate_FR.png> <../figures/FR/obstacles_insulation_FR.pn
g>]
<../figures/FR/insulation_support_variant_FR.png, id=906, 971.63pt x 211.79124p
t>
File: ../figures/FR/insulation_support_variant_FR.png Graphic file (type png)
<use ../figures/FR/insulation_support_variant_FR.png>
Package pdftex.def Info: ../figures/FR/insulation_support_variant_FR.png  used 
on input line 1188.
(pdftex.def)             Requested size: 355.08981pt x 77.39848pt.
 [88

 <../figures/FR/insulation_support_variant_FR.png>]
<../figures/FR/beef_FR.png, id=913, 898.35625pt x 214.8025pt>
File: ../figures/FR/beef_FR.png Graphic file (type png)
<use ../figures/FR/beef_FR.png>
Package pdftex.def Info: ../figures/FR/beef_FR.png  used on input line 1188.
(pdftex.def)             Requested size: 396.06012pt x 94.70021pt.
 [89

 <../figures/FR/beef_FR.png>] [90

]
<../figures/FR/can_trust_people_FR.png, id=926, 950.55125pt x 111.41624pt>
File: ../figures/FR/can_trust_people_FR.png Graphic file (type png)
<use ../figures/FR/can_trust_people_FR.png>
Package pdftex.def Info: ../figures/FR/can_trust_people_FR.png  used on input l
ine 1188.
(pdftex.def)             Requested size: 318.66946pt x 37.3523pt.
<../figures/FR/can_trust_govt_FR.png, id=927, 851.18pt x 114.4275pt>
File: ../figures/FR/can_trust_govt_FR.png Graphic file (type png)
<use ../figures/FR/can_trust_govt_FR.png>
Package pdftex.def Info: ../figures/FR/can_trust_govt_FR.png  used on input lin
e 1188.
(pdftex.def)             Requested size: 318.66946pt x 42.84036pt.

[91

 <../figures/FR/can_trust_people_FR.png> <../figures/FR/can_trust_govt_FR.png>]
<../figures/FR/view_govt_FR.png, id=936, 678.535pt x 111.41624pt>
File: ../figures/FR/view_govt_FR.png Graphic file (type png)
<use ../figures/FR/view_govt_FR.png>
Package pdftex.def Info: ../figures/FR/view_govt_FR.png  used on input line 118
8.
(pdftex.def)             Requested size: 277.69916pt x 45.59764pt.
<../figures/FR/problem_inequality_FR.png, id=937, 870.25125pt x 111.41624pt>
File: ../figures/FR/problem_inequality_FR.png Graphic file (type png)
<use ../figures/FR/problem_inequality_FR.png>
Package pdftex.def Info: ../figures/FR/problem_inequality_FR.png  used on input
 line 1188.
(pdftex.def)             Requested size: 277.69916pt x 35.55362pt.
<../figures/FR/future_richness_FR.png, id=938, 814.04124pt x 111.41624pt>
File: ../figures/FR/future_richness_FR.png Graphic file (type png)
<use ../figures/FR/future_richness_FR.png>
Package pdftex.def Info: ../figures/FR/future_richness_FR.png  used on input li
ne 1188.
(pdftex.def)             Requested size: 277.69916pt x 38.00682pt.

Overfull \vbox (6.4556pt too high) detected at line 1188
 []

[92

 <../figures/FR/view_govt_FR.png> <../figures/FR/problem_inequality_FR.png> <..
/figures/FR/future_richness_FR.png>] [93

]
<../figures/FR/survey_biased_FR.png, id=953, 709.65125pt x 111.41624pt>
File: ../figures/FR/survey_biased_FR.png Graphic file (type png)
<use ../figures/FR/survey_biased_FR.png>
Package pdftex.def Info: ../figures/FR/survey_biased_FR.png  used on input line
 1188.
(pdftex.def)             Requested size: 236.72885pt x 37.16698pt.
<../figures/FR/comment_field_FR.png, id=954, 290.08376pt x 246.9225pt>
File: ../figures/FR/comment_field_FR.png Graphic file (type png)
<use ../figures/FR/comment_field_FR.png>
Package pdftex.def Info: ../figures/FR/comment_field_FR.png  used on input line
 1188.
(pdftex.def)             Requested size: 118.36095pt x 100.74905pt.
 [94

 <../figures/FR/survey_biased_FR.png> <../figures/FR/comment_field_FR.png>] [95

]
<../figures/FR/willing_limit_flying_FR_inc.png, id=967, 627.34375pt x 191.71625
pt>
File: ../figures/FR/willing_limit_flying_FR_inc.png Graphic file (type png)
<use ../figures/FR/willing_limit_flying_FR_inc.png>
Package pdftex.def Info: ../figures/FR/willing_limit_flying_FR_inc.png  used on
 input line 1188.
(pdftex.def)             Requested size: 236.72885pt x 72.34392pt.
<../figures/FR/willing_limit_beef_FR_inc.png, id=968, 762.85pt x 191.71625pt>
File: ../figures/FR/willing_limit_beef_FR_inc.png Graphic file (type png)
<use ../figures/FR/willing_limit_beef_FR_inc.png>
Package pdftex.def Info: ../figures/FR/willing_limit_beef_FR_inc.png  used on i
nput line 1188.
(pdftex.def)             Requested size: 277.69916pt x 69.79008pt.
 [96

 <../figures/FR/willing_limit_flying_FR_inc.png> <../figures/FR/willing_limit_b
eef_FR_inc.png>]
<../figures/FR/future_richness_FR_inc.png, id=977, 925.4575pt x 194.7275pt>
File: ../figures/FR/future_richness_FR_inc.png Graphic file (type png)
<use ../figures/FR/future_richness_FR_inc.png>
Package pdftex.def Info: ../figures/FR/future_richness_FR_inc.png  used on inpu
t line 1188.
(pdftex.def)             Requested size: 277.69916pt x 58.43057pt.
<../figures/FR/effect_halt_CC_lifestyle_FR_inc.png, id=978, 1058.95625pt x 195.
73125pt>
File: ../figures/FR/effect_halt_CC_lifestyle_FR_inc.png Graphic file (type png)

<use ../figures/FR/effect_halt_CC_lifestyle_FR_inc.png>
Package pdftex.def Info: ../figures/FR/effect_halt_CC_lifestyle_FR_inc.png  use
d on input line 1188.
(pdftex.def)             Requested size: 277.69916pt x 51.32794pt.
 [97

 <../figures/FR/future_richness_FR_inc.png> <../figures/FR/effect_halt_CC_lifes
tyle_FR_inc.png>]
<../figures/FR/policies_win_lose_self_FR_inc.png, id=987, 860.21375pt x 352.316
25pt>
File: ../figures/FR/policies_win_lose_self_FR_inc.png Graphic file (type png)
<use ../figures/FR/policies_win_lose_self_FR_inc.png>
Package pdftex.def Info: ../figures/FR/policies_win_lose_self_FR_inc.png  used 
on input line 1188.
(pdftex.def)             Requested size: 236.72885pt x 96.95445pt.
<../figures/FR/CC_affects_self_FR_inc.png, id=988, 765.86125pt x 195.73125pt>
File: ../figures/FR/CC_affects_self_FR_inc.png Graphic file (type png)
<use ../figures/FR/CC_affects_self_FR_inc.png>
Package pdftex.def Info: ../figures/FR/CC_affects_self_FR_inc.png  used on inpu
t line 1188.
(pdftex.def)             Requested size: 195.75162pt x 50.02579pt.
 [98

 <../figures/FR/policies_win_lose_self_FR_inc.png> <../figures/FR/CC_affects_se
lf_FR_inc.png>]
<../figures/FR/policies_support_FR_inc.png, id=996, 989.6975pt x 352.31625pt>
File: ../figures/FR/policies_support_FR_inc.png Graphic file (type png)
<use ../figures/FR/policies_support_FR_inc.png>
Package pdftex.def Info: ../figures/FR/policies_support_FR_inc.png  used on inp
ut line 1188.
(pdftex.def)             Requested size: 236.72885pt x 84.26732pt.
<../figures/FR/global_assembly_support_FR_inc.png, id=997, 947.54pt x 195.73125
pt>
File: ../figures/FR/global_assembly_support_FR_inc.png Graphic file (type png)
<use ../figures/FR/global_assembly_support_FR_inc.png>
Package pdftex.def Info: ../figures/FR/global_assembly_support_FR_inc.png  used
 on input line 1188.
(pdftex.def)             Requested size: 236.72885pt x 48.89983pt.
 [99

 <../figures/FR/policies_support_FR_inc.png> <../figures/FR/global_assembly_sup
port_FR_inc.png>]
<../figures/FR/policies_negative_effect_FR_inc.png, id=1005, 1057.9525pt x 352.
31625pt>
File: ../figures/FR/policies_negative_effect_FR_inc.png Graphic file (type png)

<use ../figures/FR/policies_negative_effect_FR_inc.png>
Package pdftex.def Info: ../figures/FR/policies_negative_effect_FR_inc.png  use
d on input line 1188.
(pdftex.def)             Requested size: 318.66946pt x 106.12038pt.
 [100

 <../figures/FR/policies_negative_effect_FR_inc.png>] [101

] (../tables/FR_1.tex)
Overfull \hbox (5.25504pt too wide) in paragraph at lines 1188--1188
 [] 
 []

LaTeX Font Info:    Font shape `U/msa/m/n' will be
(Font)              scaled to size 5.21004pt on input line 1188.
LaTeX Font Info:    Font shape `U/msb/m/n' will be
(Font)              scaled to size 5.21004pt on input line 1188.
LaTeX Font Info:    Font shape `T1/phv/m/it' in size <5> not available
(Font)              Font shape `T1/phv/m/sl' tried instead on input line 1188.
[102

] (../tables/FR_2.tex)
LaTeX Font Info:    Font shape `U/msa/m/n' will be
(Font)              scaled to size 9.37807pt on input line 1188.
LaTeX Font Info:    Font shape `U/msa/m/n' will be
(Font)              scaled to size 7.29405pt on input line 1188.
LaTeX Font Info:    Font shape `U/msb/m/n' will be
(Font)              scaled to size 9.37807pt on input line 1188.
LaTeX Font Info:    Font shape `U/msb/m/n' will be
(Font)              scaled to size 7.29405pt on input line 1188.
LaTeX Font Info:    Font shape `T1/phv/m/it' in size <9> not available
(Font)              Font shape `T1/phv/m/sl' tried instead on input line 1188.
LaTeX Font Info:    Font shape `T1/phv/m/it' in size <7> not available
(Font)              Font shape `T1/phv/m/sl' tried instead on input line 1188.
 [103

] (../tables/FR_3.tex) [104

]
\tf@nav=\write6
\openout6 = `FR_CAE.nav'.

\tf@toc=\write7
\openout7 = `FR_CAE.toc'.

\tf@snm=\write8
\openout8 = `FR_CAE.snm'.

Package atveryend Info: Empty hook `BeforeClearDocument' on input line 1191.
Package atveryend Info: Empty hook `AfterLastShipout' on input line 1191.
 (FR_CAE.aux)
Package atveryend Info: Executing hook `AtVeryEndDocument' on input line 1191.
Package atveryend Info: Executing hook `AtEndAfterFileList' on input line 1191.

Package rerunfilecheck Info: File `FR_CAE.out' has not changed.
(rerunfilecheck)             Checksum: C8C8BE8FC5B18701CFB5CC29270098AD;1600.
 ) 
Here is how much of TeX's memory you used:
 31726 strings out of 480864
 640258 string characters out of 2908001
 1003146 words of memory out of 3000000
 46527 multiletter control sequences out of 15000+200000
 631027 words of font info for 147 fonts, out of 3000000 for 9000
 1141 hyphenation exceptions out of 8191
 61i,11n,75p,1181b,1326s stack positions out of 5000i,500n,10000p,200000b,50000s
{C:/Program Files/MiKTeX/fonts/enc/dvips/base/8r.enc}<C:/Program Files/MiKTeX
/fonts/type1/public/amsfonts/cm/cmmi10.pfb><C:/Program Files/MiKTeX/fonts/type1
/public/amsfonts/cm/cmsy10.pfb><C:/Users/afabre/AppData/Roaming/MiKTeX/fonts/ty
pe1/public/eurosym/feymr10.pfb><C:/Program Files/MiKTeX/fonts/type1/urw/times/u
tmb8a.pfb><C:/Program Files/MiKTeX/fonts/type1/urw/times/utmr8a.pfb><C:/Program
 Files/MiKTeX/fonts/type1/urw/times/utmri8a.pfb>
Output written on FR_CAE.pdf (104 pages, 6471832 bytes).
PDF statistics:
 1110 PDF objects out of 1200 (max. 8388607)
 232 named destinations out of 1000 (max. 500000)
 763 words of extra memory for PDF output out of 10000 (max. 10000000)

