\BOOKMARK [2][]{Outline0.1}{Summary}{}% 1
\BOOKMARK [2][]{Outline0.2}{Socio-Demographics}{}% 2
\BOOKMARK [2][]{Outline0.3}{Political Views}{}% 3
\BOOKMARK [2][]{Outline0.4}{Household Composition and Energy Characteristics}{}% 4
\BOOKMARK [2][]{Outline0.5}{Essay}{}% 5
\BOOKMARK [2][]{Outline0.6}{Treatments}{}% 6
\BOOKMARK [2][]{Outline0.7}{Climate Knowledge}{}% 7
\BOOKMARK [2][]{Outline0.8}{Climate Attitudes}{}% 8
\BOOKMARK [2][]{Outline0.9}{Policy 1: A ban on combustion-engine Cars}{}% 9
\BOOKMARK [2][]{Outline0.10}{Policy 2: Green Infrastructure Program}{}% 10
\BOOKMARK [2][]{Outline0.11}{Policy 3: Carbon Tax with Cash Transfers}{}% 11
\BOOKMARK [2][]{Outline0.12}{Comparison across the 3 Policies:}{}% 12
\BOOKMARK [2][]{Outline0.13}{Preferences for Climate Policies}{}% 13
\BOOKMARK [2][]{Outline0.14}{Willingness to Pay}{}% 14
\BOOKMARK [2][]{Outline0.15}{International Burden-Sharing}{}% 15
\BOOKMARK [2][]{Outline0.16}{Housing/Preferences for Bans vs. Incentives}{}% 16
\BOOKMARK [2][]{Outline0.17}{Trust and institutions}{}% 17
\BOOKMARK [2][]{Outline0.18}{Feedback}{}% 18
\BOOKMARK [2][]{Outline0.19}{Heterogeneity Analysis}{}% 19
\BOOKMARK [3][]{Outline0.19.1.87}{Republican vs. Democrat}{Outline0.19}% 20
\BOOKMARK [3][]{Outline0.19.2.93}{Low-income vs. High-income}{Outline0.19}% 21
\BOOKMARK [2][]{Outline0.20}{Treatment Effects}{}% 22
